 ##Z-score and correlation:: Simulation.1  binsize:     0.001000
    0.100     0.003869475     0.105303     0.105466     21226568 
    0.200     0.002303135     0.062583     0.062572     18469784 
    0.300     0.001938520     0.052688     0.052535     18411892 
    0.400     0.001758648     0.047565     0.047560     18167860 
    0.500     0.001629823     0.044021     0.044000     17992756 
    0.600     0.001530421     0.041236     0.041191     17904812 
    0.700     0.001453432     0.039423     0.039288     17848052 
    0.800     0.001423216     0.038420     0.038403     17763760 
    0.900     0.001301521     0.035149     0.035144     17757384 
    1.000     0.001247531     0.033585     0.033702     17731048 
    1.100     0.001219507     0.032755     0.032722     17659248 
    1.200     0.001116483     0.029904     0.029956     17706572 
    1.300     0.001069480     0.028803     0.028858     17570140 
    1.400     0.000935938     0.025352     0.025267     17427472 
    1.500     0.000929842     0.025069     0.025083     17411632 
    1.600     0.000874123     0.023508     0.023574     17433140 
    1.700     0.000852287     0.022928     0.022966     17453692 
    1.800     0.000778227     0.020827     0.020851     17409584 
    1.900     0.000824890     0.022195     0.022116     17376760 
    2.000     0.000756715     0.020437     0.020366     17290752 
    2.100     0.000713958     0.019205     0.019151     17295236 
    2.200     0.000676862     0.018229     0.018179     17307648 
    2.300     0.000640263     0.017244     0.017143     17319580 
    2.400     0.000612090     0.016482     0.016434     17238816 
    2.500     0.000584064     0.015849     0.015777     17180624 
    2.600     0.000596943     0.016144     0.016082     17160252 
    2.700     0.000553740     0.014806     0.014826     17029760 
    2.800     0.000535298     0.014434     0.014388     17113232 
    2.900     0.000474631     0.012759     0.012759     17099224 
    3.000     0.000452807     0.012159     0.012141     17111716 
    3.100     0.000419884     0.011294     0.011265     17093976 
    3.200     0.000409462     0.011022     0.010977     17128856 
    3.300     0.000425714     0.011392     0.011358     17049808 
    3.400     0.000483161     0.012948     0.012927     17066680 
    3.500     0.000371868     0.009952     0.009912     17081744 
    3.600     0.000330586     0.008903     0.008894     17040320 
    3.700     0.000269683     0.007224     0.007246     16986556 
    3.800     0.000311369     0.008349     0.008352     16990856 
    3.900     0.000276828     0.007413     0.007425     16855240 
    4.000     0.000250352     0.006681     0.006729     16872952 
    4.100     0.000192671     0.005164     0.005189     16885484 
    4.200     0.000204360     0.005488     0.005493     16848408 
    4.300     0.000217217     0.005841     0.005838     16879468 
    4.400     0.000197789     0.005320     0.005298     16775188 
    4.500     0.000130454     0.003503     0.003502     16863340 
    4.600     0.000177585     0.004780     0.004763     16794064 
    4.700     0.000128826     0.003476     0.003462     16818124 
    4.800     0.000134647     0.003613     0.003612     16846096 
    4.900     0.000125934     0.003385     0.003383     16810996 
    5.000     0.000177337     0.004775     0.004749     16836356 
    5.100     0.000167789     0.004522     0.004505     16734764 
    5.200     0.000170788     0.004556     0.004566     16829708 
    5.300     0.000159891     0.004284     0.004298     16702452 
    5.400     0.000151075     0.004047     0.004041     16845324 
    5.500     0.000152561     0.004092     0.004085     16729180 
    5.600     0.000117793     0.003125     0.003138     16729144 
    5.700     0.000132508     0.003541     0.003532     16615712 
    5.800     0.000127174     0.003412     0.003400     16552012 
    5.900     0.000097272     0.002609     0.002610     16613420 
    6.000     0.000106862     0.002853     0.002855     16698924 
    6.100     0.000124699     0.003345     0.003336     16704764 
    6.200     0.000112517     0.003020     0.003019     16716844 
    6.300     0.000065065     0.001751     0.001751     16731672 
    6.400     0.000107671     0.002897     0.002896     16717436 
    6.500     0.000050749     0.001370     0.001362     16673076 
    6.600     0.000093783     0.002515     0.002506     16682980 
    6.700     0.000028068     0.000760     0.000755     16611276 
    6.800    -0.000011483    -0.000306    -0.000307     16590832 
    6.900     0.000038097     0.001022     0.001022     16551748 
    7.000     0.000025001     0.000666     0.000666     16731924 
    7.100     0.000049966     0.001345     0.001336     16596600 
    7.200     0.000029571     0.000794     0.000791     16781588 
    7.300     0.000018234     0.000489     0.000488     16637664 
    7.400     0.000017541     0.000470     0.000470     16669324 
    7.500     0.000017140     0.000459     0.000460     16688908 
    7.600    -0.000039112    -0.001043    -0.001046     16581908 
    7.700    -0.000048790    -0.001306    -0.001308     16640364 
    7.800    -0.000016985    -0.000454    -0.000454     16616648 
    7.900    -0.000033537    -0.000899    -0.000899     16484564 
    8.000    -0.000014962    -0.000400    -0.000401     16634792 
    8.100    -0.000027844    -0.000744    -0.000746     16576040 
    8.200    -0.000006192    -0.000165    -0.000165     16596900 
    8.300    -0.000009829    -0.000262    -0.000263     16647884 
    8.400    -0.000007314    -0.000195    -0.000196     16686288 
    8.500     0.000000646     0.000017     0.000017     16691668 
    8.600     0.000006966     0.000187     0.000187     16547656 
    8.700    -0.000044377    -0.001193    -0.001195     16543484 
    8.800    -0.000012949    -0.000349    -0.000347     16598184 
    8.900    -0.000050514    -0.001356    -0.001356     16644424 
    9.000     0.000010566     0.000284     0.000285     16586880 
    9.100    -0.000037652    -0.001007    -0.001009     16483496 
    9.200     0.000001191     0.000032     0.000032     16441544 
    9.300    -0.000036124    -0.000972    -0.000970     16514728 
    9.400    -0.000010222    -0.000275    -0.000275     16497808 
    9.500    -0.000034957    -0.000941    -0.000944     16431956 
    9.600    -0.000021444    -0.000579    -0.000578     16465132 
    9.700    -0.000027945    -0.000749    -0.000751     16405732 
    9.800    -0.000060036    -0.001609    -0.001611     16343884 
    9.900    -0.000039307    -0.001054    -0.001056     16426404 
   10.000    -0.000043710    -0.001169    -0.001171     16429480 
   10.100     0.000003496     0.000093     0.000094     16420388 
   10.200    -0.000074677    -0.002004    -0.002005     16452208 
   10.300     0.000003313     0.000089     0.000089     16420072 
   10.400    -0.000018569    -0.000502    -0.000503     16382956 
   10.500     0.000026125     0.000703     0.000701     16292636 
   10.600     0.000039746     0.001067     0.001067     16395380 
   10.700     0.000006552     0.000176     0.000176     16298804 
   10.800     0.000011321     0.000303     0.000304     16368992 
   10.900    -0.000017319    -0.000465    -0.000465     16307912 
   11.000     0.000009063     0.000242     0.000242     16300768 
   11.100    -0.000005603    -0.000149    -0.000149     16266700 
   11.200     0.000008073     0.000215     0.000216     16272480 
   11.300     0.000019131     0.000511     0.000512     16361276 
   11.400     0.000017365     0.000465     0.000464     16404932 
   11.500     0.000009893     0.000265     0.000264     16362116 
   11.600     0.000005120     0.000137     0.000136     16367736 
   11.700     0.000014998     0.000401     0.000399     16195448 
   11.800     0.000035234     0.000941     0.000938     16088480 
   11.900    -0.000018191    -0.000485    -0.000485     16242784 
   12.000    -0.000064753    -0.001729    -0.001730     16209176 
   12.100    -0.000015058    -0.000400    -0.000400     16175292 
   12.200    -0.000017377    -0.000464    -0.000464     16254020 
   12.300     0.000002665     0.000071     0.000071     16204976 
   12.400    -0.000012432    -0.000331    -0.000331     16207212 
   12.500    -0.000017542    -0.000469    -0.000468     16327152 
   12.600    -0.000072254    -0.001939    -0.001937     16347000 
   12.700    -0.000025463    -0.000680    -0.000682     16179236 
   12.800    -0.000033615    -0.000896    -0.000896     16164944 
   12.900     0.000006043     0.000160     0.000160     16209040 
   13.000    -0.000015386    -0.000408    -0.000409     16092564 
   13.100     0.000029484     0.000785     0.000787     16050872 
   13.200     0.000041177     0.001099     0.001100     16043172 
   13.300    -0.000017565    -0.000467    -0.000468     16141564 
   13.400    -0.000058840    -0.001572    -0.001566     16037456 
   13.500    -0.000049120    -0.001309    -0.001312     16020180 
   13.600    -0.000033830    -0.000900    -0.000902     16110232 
   13.700    -0.000014022    -0.000373    -0.000375     16092020 
   13.800     0.000021745     0.000581     0.000583     16104664 
   13.900     0.000019638     0.000526     0.000524     15958800 
   14.000    -0.000018727    -0.000503    -0.000503     16124696 
   14.100    -0.000059004    -0.001579    -0.001587     16065820 
   14.200    -0.000040151    -0.001077    -0.001074     16010512 
   14.300    -0.000055870    -0.001498    -0.001498     15982804 
   14.400    -0.000038529    -0.001028    -0.001031     15988116 
   14.500     0.000010833     0.000291     0.000291     15995016 
   14.600     0.000065277     0.001750     0.001747     15987944 
   14.700     0.000031558     0.000849     0.000844     15928780 
   14.800    -0.000015424    -0.000413    -0.000411     15929028 
   14.900    -0.000011426    -0.000306    -0.000306     16020264 
   15.000    -0.000010311    -0.000275    -0.000275     15880484 
   15.100     0.000019706     0.000526     0.000526     15986612 
   15.200    -0.000072598    -0.001947    -0.001937     15981344 
   15.300    -0.000008155    -0.000220    -0.000219     15957720 
   15.400     0.000012543     0.000337     0.000336     15988228 
   15.500    -0.000013941    -0.000373    -0.000374     16010140 
   15.600     0.000015615     0.000417     0.000417     15993680 
   15.700    -0.000024854    -0.000666    -0.000663     15786912 
   15.800     0.000000669     0.000018     0.000018     15859832 
   15.900    -0.000043795    -0.001172    -0.001175     15877692 
   16.000    -0.000079806    -0.002129    -0.002134     15848416 
   16.100    -0.000001467    -0.000039    -0.000039     15955276 
   16.200    -0.000056585    -0.001500    -0.001513     15904784 
   16.300     0.000005176     0.000139     0.000139     15833000 
   16.400    -0.000002282    -0.000061    -0.000061     15939224 
   16.500     0.000005692     0.000152     0.000152     15905328 
   16.600     0.000011722     0.000313     0.000313     15905844 
   16.700     0.000015809     0.000423     0.000424     15780724 
   16.800     0.000020874     0.000561     0.000559     15847024 
   16.900     0.000023133     0.000616     0.000618     15788808 
   17.000     0.000003857     0.000103     0.000103     15820360 
   17.100    -0.000020736    -0.000552    -0.000553     15958128 
   17.200     0.000030150     0.000805     0.000805     15882108 
   17.300     0.000034697     0.000934     0.000931     15813284 
   17.400    -0.000003579    -0.000096    -0.000096     15859448 
   17.500    -0.000014561    -0.000389    -0.000387     15805292 
   17.600     0.000015678     0.000419     0.000419     15736580 
   17.700     0.000023869     0.000639     0.000641     15835848 
   17.800     0.000002287     0.000061     0.000061     15852400 
   17.900    -0.000003255    -0.000087    -0.000087     15811656 
   18.000     0.000001181     0.000032     0.000032     15804676 
   18.100    -0.000011079    -0.000299    -0.000296     15798512 
   18.200    -0.000029045    -0.000777    -0.000776     15804576 
   18.300    -0.000016251    -0.000435    -0.000435     15843340 
   18.400     0.000022731     0.000607     0.000608     15805832 
   18.500    -0.000051428    -0.001378    -0.001377     15817116 
   18.600    -0.000021651    -0.000577    -0.000578     15700284 
   18.700     0.000026635     0.000709     0.000709     15690436 
   18.800     0.000013226     0.000353     0.000354     15811404 
   18.900     0.000049213     0.001322     0.001315     15791752 
   19.000     0.000038396     0.001028     0.001026     15720092 
   19.100     0.000021078     0.000564     0.000563     15647532 
   19.200    -0.000024864    -0.000664    -0.000664     15615752 
   19.300    -0.000028477    -0.000761    -0.000759     15645072 
   19.400    -0.000010756    -0.000289    -0.000288     15780092 
   19.500     0.000003182     0.000085     0.000085     15779928 
   19.600    -0.000019165    -0.000513    -0.000512     15582048 
   19.700     0.000071070     0.001908     0.001899     15687112 
   19.800     0.000038344     0.001025     0.001024     15758524 
   19.900    -0.000006203    -0.000166    -0.000166     15687256 
   20.000    -0.000029619    -0.000791    -0.000787     15577556 
   20.100     0.000064098     0.001714     0.001708     15558856 
   20.200    -0.000005277    -0.000142    -0.000142     15529168 
   20.300    -0.000024821    -0.000665    -0.000664     15735036 
   20.400    -0.000014822    -0.000399    -0.000397     15666592 
   20.500     0.000026752     0.000713     0.000714     15744780 
   20.600     0.000006307     0.000168     0.000169     15677848 
   20.700    -0.000007622    -0.000204    -0.000204     15640796 
   20.800     0.000006392     0.000171     0.000171     15538676 
   20.900     0.000000453     0.000012     0.000012     15663512 
   21.000     0.000001366     0.000036     0.000036     15667240 
   21.100    -0.000004490    -0.000120    -0.000120     15531460 
   21.200    -0.000007111    -0.000191    -0.000191     15583212 
   21.300     0.000020998     0.000560     0.000561     15463876 
   21.400     0.000011358     0.000303     0.000304     15525144 
   21.500    -0.000028854    -0.000769    -0.000771     15575260 
   21.600     0.000060944     0.001629     0.001632     15554328 
   21.700     0.000009190     0.000244     0.000245     15585044 
   21.800    -0.000008280    -0.000221    -0.000221     15613816 
   21.900     0.000029063     0.000777     0.000774     15576748 
   22.000    -0.000004349    -0.000115    -0.000115     15424744 
   22.100     0.000006847     0.000182     0.000182     15374920 
   22.200    -0.000012534    -0.000332    -0.000333     15339432 
   22.300     0.000020643     0.000550     0.000551     15453160 
   22.400     0.000021937     0.000590     0.000587     15445692 
   22.500    -0.000003659    -0.000097    -0.000097     15534124 
   22.600     0.000017312     0.000460     0.000462     15476248 
   22.700     0.000021453     0.000573     0.000572     15499176 
   22.800     0.000045480     0.001221     0.001219     15421112 
   22.900     0.000051519     0.001381     0.001375     15283552 
   23.000     0.000010436     0.000279     0.000280     15391508 
   23.100     0.000023037     0.000613     0.000613     15412044 
   23.200     0.000032049     0.000861     0.000858     15432884 
   23.300     0.000040460     0.001079     0.001080     15413732 
   23.400    -0.000013630    -0.000365    -0.000364     15425788 
   23.500    -0.000033662    -0.000904    -0.000901     15436160 
   23.600     0.000034147     0.000915     0.000913     15395852 
   23.700     0.000013545     0.000362     0.000361     15350352 
   23.800    -0.000013999    -0.000376    -0.000375     15404812 
   23.900     0.000012326     0.000329     0.000330     15373692 
   24.000     0.000075902     0.002024     0.002023     15278904 
   24.100     0.000072435     0.001937     0.001935     15397188 
   24.200     0.000009683     0.000258     0.000258     15342588 
   24.300     0.000069792     0.001866     0.001862     15295268 
   24.400     0.000091644     0.002458     0.002452     15411656 
   24.500     0.000075138     0.002012     0.002003     15349816 
   24.600     0.000070905     0.001903     0.001897     15378868 
   24.700     0.000053185     0.001424     0.001421     15417688 
   24.800     0.000079292     0.002107     0.002110     15305976 
   24.900     0.000045857     0.001225     0.001221     15282320 
   25.000     0.000082944     0.002205     0.002207     15284096 
   25.100     0.000071559     0.001912     0.001905     15309972 
   25.200     0.000058197     0.001555     0.001550     15269436 
   25.300     0.000066193     0.001785     0.001770     15386048 
   25.400     0.000025612     0.000684     0.000681     15400648 
   25.500    -0.000006776    -0.000181    -0.000181     15291756 
   25.600    -0.000014224    -0.000380    -0.000381     15248396 
   25.700     0.000011894     0.000317     0.000317     15181632 
   25.800     0.000022612     0.000606     0.000604     15183488 
   25.900     0.000029175     0.000787     0.000782     15140580 
   26.000     0.000036146     0.000967     0.000964     15205212 
   26.100     0.000036382     0.000969     0.000970     15093016 
   26.200     0.000020152     0.000534     0.000537     15152884 
   26.300     0.000003399     0.000091     0.000091     15083076 
   26.400    -0.000024778    -0.000660    -0.000661     15150116 
   26.500     0.000004891     0.000130     0.000131     15105728 
   26.600     0.000056166     0.001504     0.001499     15020244 
   26.700    -0.000011610    -0.000309    -0.000311     15059060 
   26.800     0.000052784     0.001413     0.001410     15010368 
   26.900     0.000027595     0.000737     0.000738     15046728 
   27.000     0.000064094     0.001711     0.001714     15007352 
   27.100     0.000046551     0.001243     0.001241     14859668 
   27.200     0.000023052     0.000614     0.000616     14999976 
   27.300     0.000107271     0.002879     0.002880     14835248 
   27.400     0.000022588     0.000603     0.000605     14951236 
   27.500     0.000045128     0.001198     0.001205     14938488 
   27.600     0.000045583     0.001224     0.001227     14890856 
   27.700     0.000030391     0.000812     0.000815     14933248 
   27.800     0.000095505     0.002545     0.002561     14968472 
   27.900     0.000028740     0.000765     0.000769     15034100 
   28.000     0.000049772     0.001325     0.001331     14975320 
   28.100     0.000043841     0.001174     0.001178     14893144 
   28.200     0.000018475     0.000487     0.000492     14907120 
   28.300     0.000020614     0.000544     0.000549     14894048 
   28.400    -0.000038092    -0.001014    -0.001016     14866080 
   28.500     0.000014361     0.000383     0.000384     14808012 
   28.600     0.000053358     0.001427     0.001431     14807472 
   28.700     0.000040714     0.001091     0.001096     14803060 
   28.800     0.000006917     0.000184     0.000185     14984808 
   28.900     0.000057482     0.001536     0.001537     14946588 
   29.000    -0.000026052    -0.000695    -0.000699     14915820 
   29.100    -0.000050595    -0.001360    -0.001359     14872188 
   29.200    -0.000040394    -0.001083    -0.001084     14820868 
   29.300     0.000019153     0.000513     0.000514     14802540 
   29.400     0.000030818     0.000832     0.000833     14892784 
   29.500    -0.000003421    -0.000092    -0.000092     14735796 
   29.600     0.000030005     0.000805     0.000807     14807464 
   29.700    -0.000047436    -0.001266    -0.001268     14675496 
   29.800    -0.000035882    -0.000955    -0.000957     14589300 
   29.900     0.000007718     0.000207     0.000207     14629424 
   30.000     0.000058041     0.001555     0.001559     14712568 
   30.100     0.000020133     0.000541     0.000543     14661752 
   30.200     0.000051335     0.001389     0.001388     14740648 
   30.300     0.000042853     0.001149     0.001146     14861520 
   30.400    -0.000046201    -0.001232    -0.001237     14720888 
   30.500    -0.000005993    -0.000161    -0.000161     14693444 
   30.600     0.000024843     0.000668     0.000668     14717684 
   30.700     0.000006320     0.000169     0.000169     14730248 
   30.800     0.000046359     0.001247     0.001243     14687612 
   30.900     0.000061524     0.001651     0.001650     14587288 
   31.000     0.000059538     0.001594     0.001595     14657768 
   31.100     0.000014284     0.000380     0.000381     14619428 
   31.200     0.000027142     0.000726     0.000727     14698916 
   31.300    -0.000021704    -0.000582    -0.000580     14592792 
   31.400     0.000044536     0.001198     0.001198     14611252 
   31.500    -0.000037939    -0.001016    -0.001016     14475136 
   31.600     0.000014052     0.000375     0.000377     14511684 
   31.700     0.000003384     0.000090     0.000090     14532960 
   31.800    -0.000017653    -0.000469    -0.000470     14475124 
   31.900     0.000019469     0.000521     0.000521     14506664 
   32.000     0.000015422     0.000413     0.000412     14585928 
   32.100     0.000027980     0.000751     0.000748     14667884 
   32.200     0.000018899     0.000508     0.000508     14504152 
   32.300     0.000018375     0.000494     0.000492     14576044 
   32.400     0.000016506     0.000444     0.000442     14579916 
   32.500    -0.000024780    -0.000666    -0.000665     14626892 
   32.600     0.000037851     0.001015     0.001014     14506448 
   32.700     0.000040421     0.001087     0.001085     14469212 
   32.800     0.000007215     0.000193     0.000193     14543836 
   32.900     0.000023176     0.000618     0.000621     14499568 
   33.000     0.000006056     0.000162     0.000162     14487816 
   33.100    -0.000023419    -0.000629    -0.000631     14392676 
   33.200    -0.000028088    -0.000757    -0.000756     14392916 
   33.300    -0.000012082    -0.000324    -0.000324     14311332 
   33.400     0.000047391     0.001277     0.001274     14303744 
   33.500     0.000043204     0.001155     0.001159     14320736 
   33.600     0.000084316     0.002243     0.002255     14411720 
   33.700     0.000050714     0.001358     0.001364     14411472 
   33.800     0.000034240     0.000922     0.000923     14381076 
   33.900     0.000007476     0.000203     0.000201     14349760 
   34.000     0.000023467     0.000634     0.000632     14344868 
   34.100     0.000022677     0.000613     0.000610     14265388 
   34.200    -0.000031991    -0.000860    -0.000861     14261672 
   34.300    -0.000022000    -0.000591    -0.000592     14282256 
   34.400     0.000020869     0.000561     0.000561     14330456 
   34.500     0.000026858     0.000722     0.000721     14226504 
   34.600     0.000036225     0.000972     0.000968     14171592 
   34.700     0.000015972     0.000427     0.000427     14219080 
   34.800     0.000004338     0.000116     0.000116     14247648 
   34.900    -0.000030994    -0.000823    -0.000825     14205628 
   35.000    -0.000004112    -0.000108    -0.000110     14123236 
   35.100     0.000036030     0.000962     0.000970     14154624 
   35.200    -0.000011588    -0.000309    -0.000310     14099776 
   35.300    -0.000077146    -0.002065    -0.002058     14067272 
   35.400    -0.000050184    -0.001341    -0.001347     14098576 
   35.500     0.000015357     0.000411     0.000411     14117160 
   35.600    -0.000057484    -0.001544    -0.001545     14110900 
   35.700    -0.000022071    -0.000596    -0.000595     14039116 
   35.800    -0.000007169    -0.000192    -0.000192     13942188 
   35.900     0.000000763     0.000020     0.000020     14060784 
   36.000    -0.000024633    -0.000658    -0.000660     14145104 
   36.100    -0.000037281    -0.000996    -0.000999     13996484 
   36.200    -0.000021306    -0.000565    -0.000569     14002168 
   36.300    -0.000043182    -0.001161    -0.001162     14035592 
   36.400    -0.000070553    -0.001897    -0.001890     14025108 
   36.500     0.000019204     0.000511     0.000512     13995572 
   36.600     0.000021787     0.000580     0.000579     13873880 
   36.700    -0.000001348    -0.000036    -0.000036     13847876 
   36.800    -0.000021300    -0.000566    -0.000569     13975184 
   36.900    -0.000016737    -0.000447    -0.000448     13968116 
   37.000    -0.000049456    -0.001318    -0.001318     13957468 
   37.100    -0.000054969    -0.001471    -0.001472     13928268 
   37.200     0.000045647     0.001227     0.001221     13844780 
   37.300    -0.000014672    -0.000394    -0.000394     13874392 
   37.400    -0.000037155    -0.001003    -0.000998     13927716 
   37.500    -0.000052073    -0.001401    -0.001397     13835112 
   37.600    -0.000033943    -0.000915    -0.000909     13748556 
   37.700    -0.000060757    -0.001629    -0.001625     13910832 
   37.800    -0.000072374    -0.001938    -0.001934     13899388 
   37.900    -0.000047791    -0.001284    -0.001279     14024908 
   38.000    -0.000058898    -0.001584    -0.001576     13869784 
   38.100    -0.000030146    -0.000812    -0.000809     13870324 
   38.200    -0.000067764    -0.001812    -0.001810     13981728 
   38.300    -0.000033498    -0.000894    -0.000895     13870252 
   38.400    -0.000091532    -0.002437    -0.002445     13803196 
   38.500    -0.000024825    -0.000663    -0.000664     13865676 
   38.600    -0.000098637    -0.002648    -0.002653     13841452 
   38.700    -0.000026884    -0.000715    -0.000718     13862184 
   38.800    -0.000006103    -0.000163    -0.000164     13839336 
   38.900    -0.000007432    -0.000200    -0.000200     13916156 
   39.000    -0.000058785    -0.001585    -0.001583     13902200 
   39.100    -0.000082381    -0.002229    -0.002218     13740340 
   39.200    -0.000027299    -0.000733    -0.000733     13819576 
   39.300    -0.000029509    -0.000795    -0.000793     13809040 
   39.400     0.000017162     0.000461     0.000462     13801448 
   39.500    -0.000002498    -0.000067    -0.000067     13777528 
   39.600    -0.000057519    -0.001551    -0.001555     13781020 
   39.700    -0.000074798    -0.002000    -0.002014     13761496 
   39.800    -0.000042327    -0.001135    -0.001135     13711200 
   39.900    -0.000015561    -0.000416    -0.000416     13648248 
   40.000    -0.000088509    -0.002389    -0.002388     13550284 
   40.100    -0.000078527    -0.002108    -0.002113     13581504 
   40.200    -0.000025800    -0.000696    -0.000695     13605348 
   40.300     0.000021349     0.000570     0.000572     13679124 
   40.400    -0.000084598    -0.002248    -0.002259     13700976 
   40.500    -0.000018569    -0.000497    -0.000499     13672456 
   40.600    -0.000031827    -0.000852    -0.000856     13571968 
   40.700    -0.000060532    -0.001632    -0.001633     13542864 
   40.800    -0.000028692    -0.000772    -0.000769     13654876 
   40.900    -0.000024187    -0.000649    -0.000651     13476788 
   41.000    -0.000018636    -0.000495    -0.000498     13424532 
   41.100    -0.000043409    -0.001159    -0.001163     13422948 
   41.200    -0.000010687    -0.000285    -0.000285     13564212 
   41.300    -0.000022136    -0.000588    -0.000592     13532556 
   41.400     0.000047487     0.001271     0.001273     13541240 
   41.500    -0.000054373    -0.001451    -0.001458     13516308 
   41.600     0.000005930     0.000158     0.000158     13426480 
   41.700     0.000002672     0.000072     0.000071     13443692 
   41.800    -0.000035407    -0.000950    -0.000949     13481520 
   41.900    -0.000054685    -0.001479    -0.001469     13393712 
   42.000    -0.000109997    -0.002957    -0.002946     13308668 
   42.100    -0.000017790    -0.000476    -0.000475     13393060 
   42.200    -0.000065210    -0.001750    -0.001755     13211200 
   42.300    -0.000066868    -0.001810    -0.001810     13200980 
   42.400    -0.000081218    -0.002179    -0.002188     13270588 
   42.500    -0.000074717    -0.002009    -0.002006     13348180 
   42.600    -0.000091525    -0.002462    -0.002462     13264156 
   42.700    -0.000086818    -0.002330    -0.002329     13259636 
   42.800    -0.000008070    -0.000215    -0.000215     13278172 
   42.900    -0.000028802    -0.000774    -0.000773     13257944 
   43.000    -0.000014586    -0.000391    -0.000392     13322284 
   43.100    -0.000038285    -0.001017    -0.001018     13221768 
   43.200    -0.000032511    -0.000867    -0.000871     13129580 
   43.300    -0.000043902    -0.001170    -0.001179     13106976 
   43.400    -0.000081534    -0.002167    -0.002182     13130792 
   43.500    -0.000042923    -0.001150    -0.001150     13130752 
   43.600    -0.000033533    -0.000900    -0.000898     13116572 
   43.700    -0.000067339    -0.001795    -0.001794     13113792 
   43.800    -0.000001270    -0.000034    -0.000034     13062152 
   43.900     0.000013403     0.000359     0.000360     13067476 
   44.000     0.000031830     0.000852     0.000854     13066204 
   44.100    -0.000027902    -0.000745    -0.000745     13047988 
   44.200    -0.000017345    -0.000460    -0.000462     12922704 
   44.300    -0.000020444    -0.000544    -0.000546     13059020 
   44.400    -0.000039074    -0.001047    -0.001049     13070380 
   44.500    -0.000025379    -0.000676    -0.000678     12927904 
   44.600    -0.000032239    -0.000853    -0.000861     12877896 
   44.700     0.000010590     0.000286     0.000285     12825588 
   44.800     0.000001986     0.000053     0.000053     12908668 
   44.900     0.000010046     0.000267     0.000268     12892800 
   45.000    -0.000011422    -0.000303    -0.000304     12856820 
   45.100     0.000055277     0.001472     0.001477     12935092 
   45.200     0.000018358     0.000489     0.000491     12920820 
   45.300     0.000016345     0.000432     0.000434     12848380 
   45.400     0.000013574     0.000363     0.000363     12847684 
   45.500     0.000013421     0.000359     0.000359     12938004 
   45.600    -0.000042890    -0.001138    -0.001144     12802444 
   45.700    -0.000071546    -0.001905    -0.001909     12791900 
   45.800    -0.000074070    -0.001971    -0.001976     12743436 
   45.900    -0.000030556    -0.000816    -0.000820     12862552 
   46.000     0.000009275     0.000248     0.000249     12767612 
   46.100    -0.000026543    -0.000713    -0.000712     12851868 
   46.200     0.000010128     0.000272     0.000272     12768624 
   46.300    -0.000006715    -0.000180    -0.000180     12764992 
   46.400    -0.000082074    -0.002178    -0.002187     12740760 
   46.500    -0.000042731    -0.001128    -0.001132     12742352 
   46.600     0.000017930     0.000473     0.000477     12687964 
   46.700    -0.000077798    -0.002084    -0.002078     12748768 
   46.800    -0.000028905    -0.000768    -0.000770     12737012 
   46.900     0.000004173     0.000112     0.000112     12696592 
   47.000    -0.000007306    -0.000195    -0.000195     12602328 
   47.100     0.000044047     0.001184     0.001181     12701756 
   47.200     0.000029032     0.000769     0.000777     12575988 
   47.300     0.000013315     0.000358     0.000357     12483352 
   47.400     0.000002462     0.000066     0.000066     12576204 
   47.500    -0.000051227    -0.001360    -0.001364     12613796 
   47.600    -0.000043933    -0.001168    -0.001171     12587956 
   47.700    -0.000005060    -0.000136    -0.000135     12585900 
   47.800    -0.000064238    -0.001705    -0.001710     12599512 
   47.900    -0.000022055    -0.000587    -0.000589     12396096 
   48.000    -0.000080709    -0.002158    -0.002157     12461408 
   48.100    -0.000096111    -0.002541    -0.002558     12526556 
   48.200    -0.000118670    -0.003175    -0.003177     12415116 
   48.300    -0.000097848    -0.002612    -0.002613     12480600 
   48.400    -0.000053778    -0.001434    -0.001431     12431356 
   48.500    -0.000118836    -0.003164    -0.003173     12388820 
   48.600    -0.000088928    -0.002366    -0.002364     12422384 
   48.700    -0.000088933    -0.002372    -0.002356     12364076 
   48.800    -0.000033587    -0.000888    -0.000892     12301692 
   48.900    -0.000073318    -0.001947    -0.001951     12367956 
   49.000     0.000011885     0.000316     0.000318     12431240 
   49.100     0.000028765     0.000766     0.000766     12265980 
   49.200    -0.000017020    -0.000452    -0.000453     12330624 
   49.300    -0.000025481    -0.000679    -0.000679     12300608 
   49.400    -0.000122392    -0.003259    -0.003269     12294500 
   49.500    -0.000039714    -0.001055    -0.001061     12329924 
   49.600     0.000009671     0.000259     0.000259     12430784 
   49.700    -0.000008392    -0.000223    -0.000223     12458088 
   49.800    -0.000008012    -0.000213    -0.000214     12322176 
   49.900    -0.000014945    -0.000397    -0.000399     12287384 
   50.000     0.000010478     0.000280     0.000281     12210644 
   50.100    -0.000058032    -0.001534    -0.001548     12094840 
   50.200    -0.000020783    -0.000549    -0.000554     12078616 
   50.300    -0.000059451    -0.001573    -0.001585     12164148 
   50.400    -0.000030232    -0.000806    -0.000811     11968468 
   50.500    -0.000040103    -0.001075    -0.001082     12161312 
   50.600    -0.000039515    -0.001046    -0.001059     12257816 
   50.700    -0.000027466    -0.000728    -0.000737     12213364 
   50.800    -0.000037371    -0.000999    -0.001003     12152104 
   50.900    -0.000037825    -0.001010    -0.001015     12027080 
   51.000    -0.000004470    -0.000118    -0.000119     12041364 
   51.100     0.000002281     0.000060     0.000061     11928380 
   51.200    -0.000091072    -0.002433    -0.002437     12044800 
   51.300    -0.000092238    -0.002438    -0.002456     12059204 
   51.400    -0.000137346    -0.003676    -0.003687     12014664 
   51.500    -0.000092675    -0.002469    -0.002486     12061800 
   51.600    -0.000077981    -0.002078    -0.002090     12039404 
   51.700    -0.000029446    -0.000785    -0.000788     11961964 
   51.800     0.000006187     0.000165     0.000166     12033508 
   51.900    -0.000065224    -0.001740    -0.001753     11991684 
   52.000    -0.000129793    -0.003482    -0.003496     11926824 
   52.100    -0.000110487    -0.002950    -0.002961     11892096 
   52.200    -0.000010093    -0.000270    -0.000272     11872736 
   52.300    -0.000052786    -0.001400    -0.001405     11859004 
   52.400    -0.000140507    -0.003769    -0.003779     11779096 
   52.500    -0.000071505    -0.001915    -0.001913     11826252 
   52.600    -0.000093715    -0.002493    -0.002505     11820580 
   52.700    -0.000075410    -0.001999    -0.002012     11887028 
   52.800    -0.000068550    -0.001832    -0.001840     11847592 
   52.900    -0.000061946    -0.001663    -0.001660     11754440 
   53.000    -0.000047198    -0.001260    -0.001264     11764524 
   53.100    -0.000003682    -0.000098    -0.000098     11863924 
   53.200    -0.000015544    -0.000413    -0.000415     11852816 
   53.300     0.000003283     0.000087     0.000088     11758868 
   53.400    -0.000021897    -0.000582    -0.000587     11780372 
   53.500     0.000017308     0.000459     0.000465     11756276 
   53.600     0.000010554     0.000281     0.000283     11711096 
   53.700     0.000003954     0.000106     0.000106     11722116 
   53.800    -0.000027676    -0.000736    -0.000743     11661720 
   53.900    -0.000040110    -0.001064    -0.001075     11783080 
   54.000    -0.000053628    -0.001426    -0.001435     11623756 
   54.100    -0.000020544    -0.000545    -0.000550     11635016 
   54.200    -0.000028035    -0.000744    -0.000747     11610712 
   54.300    -0.000007786    -0.000207    -0.000207     11505128 
   54.400    -0.000012088    -0.000325    -0.000327     11596080 
   54.500    -0.000024404    -0.000656    -0.000657     11579868 
   54.600    -0.000035293    -0.000941    -0.000949     11527620 
   54.700    -0.000004269    -0.000114    -0.000115     11616300 
   54.800     0.000008159     0.000216     0.000218     11628500 
   54.900    -0.000024240    -0.000647    -0.000650     11542136 
   55.000    -0.000033859    -0.000901    -0.000909     11532448 
   55.100    -0.000021171    -0.000565    -0.000568     11498452 
   55.200    -0.000021800    -0.000582    -0.000586     11494664 
   55.300    -0.000051761    -0.001388    -0.001395     11608028 
   55.400     0.000011111     0.000298     0.000299     11512504 
   55.500    -0.000035070    -0.000932    -0.000943     11512592 
   55.600    -0.000070280    -0.001875    -0.001890     11531944 
   55.700    -0.000006621    -0.000177    -0.000177     11489320 
   55.800    -0.000035863    -0.000963    -0.000965     11386076 
   55.900    -0.000005091    -0.000137    -0.000137     11389624 
   56.000     0.000012109     0.000324     0.000324     11484616 
   56.100     0.000027418     0.000739     0.000737     11378020 
   56.200     0.000043619     0.001179     0.001174     11359940 
   56.300    -0.000007362    -0.000197    -0.000198     11367632 
   56.400    -0.000027296    -0.000729    -0.000731     11387352 
   56.500    -0.000016979    -0.000449    -0.000454     11489580 
   56.600    -0.000048049    -0.001286    -0.001284     11473496 
   56.700    -0.000032030    -0.000843    -0.000852     11421644 
   56.800     0.000013139     0.000347     0.000349     11406416 
   56.900     0.000012152     0.000322     0.000324     11377080 
   57.000     0.000036831     0.000984     0.000989     11297696 
   57.100     0.000073078     0.001944     0.001958     11233844 
   57.200    -0.000008768    -0.000236    -0.000236     11285344 
   57.300    -0.000005116    -0.000137    -0.000137     11321404 
   57.400     0.000031439     0.000838     0.000841     11201508 
   57.500    -0.000014020    -0.000373    -0.000376     11250176 
   57.600     0.000054202     0.001444     0.001456     11179932 
   57.700     0.000074331     0.001977     0.001996     11227700 
   57.800     0.000081075     0.002161     0.002184     11253516 
   57.900     0.000068183     0.001827     0.001832     11115696 
   58.000     0.000089708     0.002394     0.002405     11217436 
   58.100     0.000062037     0.001655     0.001661     11191136 
   58.200     0.000049543     0.001311     0.001327     11167192 
   58.300     0.000069632     0.001846     0.001859     11106272 
   58.400     0.000056194     0.001491     0.001506     11127188 
   58.500     0.000055120     0.001463     0.001473     11126068 
   58.600    -0.000046466    -0.001237    -0.001246     11121936 
   58.700    -0.000038621    -0.001022    -0.001033     11135048 
   58.800     0.000023025     0.000607     0.000617     11158032 
   58.900     0.000070687     0.001868     0.001905     10995312 
   59.000    -0.000015532    -0.000410    -0.000416     11014480 
   59.100    -0.000019090    -0.000506    -0.000511     10923908 
   59.200    -0.000002167    -0.000058    -0.000058     10934236 
   59.300    -0.000022651    -0.000601    -0.000609     11056240 
   59.400    -0.000011247    -0.000300    -0.000301     11034524 
   59.500    -0.000014133    -0.000376    -0.000378     11062336 
   59.600    -0.000017327    -0.000460    -0.000462     11003600 
   59.700    -0.000038941    -0.001039    -0.001046     10928152 
   59.800    -0.000072214    -0.001913    -0.001938     11001388 
   59.900    -0.000079989    -0.002115    -0.002153     10980956 
   60.000    -0.000047006    -0.001253    -0.001259     10951724 
   60.100    -0.000047940    -0.001284    -0.001289     10881752 
   60.200    -0.000051143    -0.001372    -0.001382     11001316 
   60.300    -0.000115524    -0.003094    -0.003109     10850684 
   60.400    -0.000098054    -0.002584    -0.002605     10871216 
   60.500    -0.000129979    -0.003454    -0.003463     10857168 
   60.600    -0.000066148    -0.001757    -0.001765     10861252 
   60.700    -0.000047614    -0.001262    -0.001278     10973248 
   60.800    -0.000023523    -0.000623    -0.000631     10945920 
   60.900    -0.000072292    -0.001917    -0.001933     10860348 
   61.000    -0.000043208    -0.001143    -0.001155     10811868 
   61.100     0.000020638     0.000541     0.000552     10749088 
   61.200    -0.000038238    -0.001013    -0.001026     10691568 
   61.300    -0.000065144    -0.001732    -0.001745     10727896 
   61.400    -0.000057397    -0.001516    -0.001536     10710504 
   61.500    -0.000006606    -0.000176    -0.000178     10842796 
   61.600    -0.000017169    -0.000456    -0.000461     10707224 
   61.700    -0.000021177    -0.000561    -0.000568     10683512 
   61.800    -0.000054023    -0.001433    -0.001448     10650452 
   61.900    -0.000047278    -0.001263    -0.001272     10653732 
   62.000    -0.000084504    -0.002261    -0.002271     10621984 
   62.100    -0.000018381    -0.000489    -0.000492     10600260 
   62.200    -0.000001049    -0.000028    -0.000028     10705460 
   62.300    -0.000023817    -0.000632    -0.000637     10672068 
   62.400    -0.000025797    -0.000685    -0.000694     10582532 
   62.500    -0.000038803    -0.001023    -0.001037     10498400 
   62.600    -0.000077611    -0.002062    -0.002080     10469824 
   62.700    -0.000098900    -0.002636    -0.002667     10609628 
   62.800    -0.000074119    -0.001953    -0.001982     10500732 
   62.900    -0.000051734    -0.001384    -0.001389     10515804 
   63.000    -0.000077686    -0.002052    -0.002084     10469344 
   63.100    -0.000005453    -0.000146    -0.000147     10495212 
   63.200     0.000009808     0.000263     0.000264     10615644 
   63.300    -0.000009654    -0.000260    -0.000261     10596256 
   63.400    -0.000017778    -0.000476    -0.000481     10418708 
   63.500     0.000041798     0.001119     0.001130     10471396 
   63.600    -0.000058027    -0.001566    -0.001569     10535156 
   63.700    -0.000001118    -0.000030    -0.000030     10557960 
   63.800    -0.000012736    -0.000339    -0.000343     10495472 
   63.900    -0.000010708    -0.000286    -0.000288     10460808 
   64.000     0.000101638     0.002683     0.002731     10304260 
   64.100     0.000015102     0.000404     0.000406     10393480 
   64.200    -0.000033761    -0.000900    -0.000903     10423904 
   64.300    -0.000049110    -0.001314    -0.001315     10374552 
   64.400    -0.000098819    -0.002612    -0.002646     10329812 
   64.500    -0.000139436    -0.003733    -0.003749     10315124 
   64.600    -0.000009036    -0.000242    -0.000242     10341628 
   64.700     0.000007753     0.000207     0.000208     10364392 
   64.800    -0.000004793    -0.000127    -0.000128     10281680 
   64.900    -0.000053416    -0.001405    -0.001426     10225792 
   65.000    -0.000059998    -0.001611    -0.001616     10207528 
   65.100    -0.000032510    -0.000873    -0.000874     10299776 
   65.200    -0.000079177    -0.002117    -0.002125     10238920 
   65.300    -0.000054513    -0.001456    -0.001469     10269484 
   65.400    -0.000084849    -0.002266    -0.002277     10246176 
   65.500    -0.000105751    -0.002822    -0.002842     10280056 
   65.600    -0.000048821    -0.001303    -0.001310     10233424 
   65.700    -0.000066995    -0.001795    -0.001798     10200496 
   65.800    -0.000054060    -0.001439    -0.001452     10238420 
   65.900     0.000005098     0.000136     0.000137     10162464 
   66.000    -0.000001807    -0.000048    -0.000048     10168160 
   66.100     0.000001315     0.000035     0.000035     10124344 
   66.200    -0.000050347    -0.001343    -0.001349     10123776 
   66.300     0.000006926     0.000183     0.000185     10105012 
   66.400    -0.000057831    -0.001532    -0.001544     10139712 
   66.500    -0.000048514    -0.001293    -0.001302     10090960 
   66.600    -0.000068501    -0.001831    -0.001839     10059104 
   66.700    -0.000025232    -0.000667    -0.000675     10243248 
   66.800    -0.000047143    -0.001246    -0.001261     10133312 
   66.900    -0.000042876    -0.001138    -0.001146     10134044 
   67.000    -0.000042193    -0.001124    -0.001131     10105800 
   67.100    -0.000055510    -0.001486    -0.001491     10099128 
   67.200    -0.000049478    -0.001318    -0.001325     10049540 
   67.300    -0.000039275    -0.001051    -0.001058     10101968 
   67.400    -0.000009859    -0.000263    -0.000266     10066552 
   67.500     0.000023370     0.000620     0.000628     10113320 
   67.600     0.000057872     0.001531     0.001551      9979160 
   67.700    -0.000032039    -0.000854    -0.000860     10001308 
   67.800    -0.000016950    -0.000452    -0.000456      9968208 
   67.900     0.000052123     0.001400     0.001411     10033908 
   68.000    -0.000034581    -0.000917    -0.000928      9990232 
   68.100     0.000027142     0.000719     0.000730      9979032 
   68.200     0.000025901     0.000686     0.000694      9998728 
   68.300    -0.000000323    -0.000009    -0.000009      9928156 
   68.400     0.000054351     0.001447     0.001461      9912036 
   68.500     0.000011905     0.000318     0.000323      9927408 
   68.600     0.000057248     0.001528     0.001545      9827284 
   68.700    -0.000009636    -0.000256    -0.000258      9903284 
   68.800     0.000012830     0.000345     0.000346      9960588 
   68.900     0.000010203     0.000272     0.000276      9906768 
   69.000     0.000010290     0.000273     0.000276      9856400 
   69.100    -0.000017275    -0.000457    -0.000463      9909980 
   69.200     0.000005863     0.000155     0.000156      9854180 
   69.300     0.000057556     0.001524     0.001546      9797356 
   69.400     0.000035125     0.000941     0.000945      9827624 
   69.500    -0.000009170    -0.000247    -0.000248      9817564 
   69.600     0.000022232     0.000595     0.000600      9787684 
   69.700     0.000061217     0.001630     0.001651      9800852 
   69.800     0.000036426     0.000982     0.000987      9723144 
   69.900     0.000034115     0.000911     0.000920      9699544 
   70.000     0.000069634     0.001859     0.001877      9629884 
   70.100     0.000048514     0.001308     0.001315      9759940 
   70.200     0.000016445     0.000443     0.000445      9746096 
   70.300     0.000065477     0.001739     0.001750      9702160 
   70.400    -0.000011657    -0.000313    -0.000315      9696656 
   70.500     0.000064546     0.001746     0.001752      9663604 
   70.600    -0.000038937    -0.001048    -0.001053      9607004 
   70.700    -0.000060491    -0.001632    -0.001643      9651444 
   70.800    -0.000032151    -0.000866    -0.000870      9669072 
   70.900     0.000047676     0.001276     0.001295      9684548 
   71.000     0.000011722     0.000317     0.000319      9648632 
   71.100     0.000014061     0.000377     0.000383      9633536 
   71.200     0.000059265     0.001596     0.001613      9526276 
   71.300     0.000015770     0.000424     0.000428      9590376 
   71.400     0.000041342     0.001117     0.001128      9674304 
   71.500    -0.000027683    -0.000742    -0.000749      9622972 
   71.600     0.000055276     0.001482     0.001502      9652368 
   71.700     0.000024016     0.000644     0.000651      9631888 
   71.800     0.000024175     0.000642     0.000653      9520624 
   71.900     0.000014069     0.000377     0.000381      9553360 
   72.000    -0.000019794    -0.000528    -0.000535      9682204 
   72.100    -0.000021349    -0.000567    -0.000577      9560672 
   72.200    -0.000021566    -0.000575    -0.000582      9486396 
   72.300     0.000036709     0.000976     0.000988      9531248 
   72.400     0.000020558     0.000549     0.000555      9530308 
   72.500     0.000042265     0.001132     0.001136      9518844 
   72.600     0.000031187     0.000827     0.000843      9555260 
   72.700     0.000033296     0.000878     0.000896      9489928 
   72.800    -0.000006088    -0.000161    -0.000164      9425820 
   72.900     0.000016439     0.000438     0.000445      9570096 
   73.000     0.000018203     0.000490     0.000494      9483788 
   73.100    -0.000058792    -0.001579    -0.001590      9490216 
   73.200     0.000015516     0.000414     0.000419      9356788 
   73.300     0.000069087     0.001838     0.001860      9400156 
   73.400    -0.000018384    -0.000489    -0.000493      9462732 
   73.500     0.000035316     0.000935     0.000947      9342304 
   73.600     0.000014812     0.000393     0.000399      9383632 
   73.700    -0.000043228    -0.001150    -0.001167      9441880 
   73.800     0.000029089     0.000766     0.000778      9429484 
   73.900    -0.000016047    -0.000424    -0.000430      9321908 
   74.000    -0.000026510    -0.000705    -0.000714      9258972 
   74.100    -0.000014336    -0.000380    -0.000385      9293212 
   74.200    -0.000015239    -0.000408    -0.000413      9367944 
   74.300    -0.000053692    -0.001417    -0.001449      9309040 
   74.400    -0.000041764    -0.001108    -0.001128      9226308 
   74.500    -0.000012150    -0.000321    -0.000327      9263420 
   74.600    -0.000023504    -0.000626    -0.000633      9224792 
   74.700    -0.000032021    -0.000845    -0.000859      9150520 
   74.800    -0.000046232    -0.001220    -0.001241      9091508 
   74.900    -0.000024753    -0.000655    -0.000665      9145440 
   75.000    -0.000002741    -0.000072    -0.000073      9076300 
   75.100    -0.000007984    -0.000209    -0.000213      9106316 
   75.200    -0.000021227    -0.000557    -0.000568      9102328 
   75.300    -0.000055190    -0.001460    -0.001480      9166008 
   75.400    -0.000041805    -0.001104    -0.001120      9084784 
   75.500    -0.000037178    -0.000986    -0.001004      8997104 
   75.600     0.000020724     0.000544     0.000553      9101980 
   75.700    -0.000015561    -0.000410    -0.000415      9142096 
   75.800    -0.000010504    -0.000279    -0.000282      9025168 
   75.900    -0.000080241    -0.002130    -0.002156      8980940 
   76.000    -0.000055370    -0.001472    -0.001488      8926668 
   76.100     0.000062920     0.001694     0.001701      8962792 
   76.200    -0.000038968    -0.001039    -0.001048      9017336 
   76.300    -0.000030267    -0.000806    -0.000812      9023032 
   76.400    -0.000037745    -0.001002    -0.001010      9098104 
   76.500     0.000016114     0.000431     0.000435      8935756 
   76.600    -0.000052108    -0.001381    -0.001400      8893788 
   76.700    -0.000057438    -0.001531    -0.001551      8892772 
   76.800     0.000013517     0.000360     0.000365      8872672 
   76.900    -0.000055992    -0.001497    -0.001511      8919360 
   77.000     0.000018047     0.000480     0.000485      8906056 
   77.100     0.000021137     0.000560     0.000562      8896704 
   77.200    -0.000048792    -0.001301    -0.001311      8965288 
   77.300    -0.000050955    -0.001352    -0.001367      8923496 
   77.400    -0.000048814    -0.001310    -0.001312      8922164 
   77.500    -0.000021449    -0.000574    -0.000579      8866764 
   77.600    -0.000038024    -0.001015    -0.001023      8814724 
   77.700     0.000045292     0.001211     0.001218      8842264 
   77.800     0.000019159     0.000513     0.000516      8869744 
   77.900     0.000029130     0.000780     0.000786      8875004 
   78.000     0.000014666     0.000392     0.000395      8859112 
   78.100     0.000035362     0.000936     0.000949      8892844 
   78.200     0.000059749     0.001585     0.001604      8832740 
   78.300     0.000035608     0.000947     0.000958      8753924 
   78.400     0.000002479     0.000066     0.000067      8749532 
   78.500    -0.000063881    -0.001693    -0.001717      8853876 
   78.600    -0.000025731    -0.000683    -0.000693      8787084 
   78.700     0.000003337     0.000089     0.000090      8909332 
   78.800     0.000059336     0.001569     0.001595      8802216 
   78.900     0.000076744     0.002046     0.002061      8801040 
   79.000     0.000069704     0.001882     0.001886      8697120 
   79.100     0.000026951     0.000732     0.000732      8799400 
   79.200     0.000097574     0.002612     0.002638      8682980 
   79.300     0.000001175     0.000031     0.000032      8710912 
   79.400    -0.000091715    -0.002451    -0.002482      8731368 
   79.500    -0.000007860    -0.000210    -0.000211      8639872 
   79.600     0.000013714     0.000369     0.000370      8595704 
   79.700    -0.000030554    -0.000817    -0.000818      8652584 
   79.800    -0.000027989    -0.000749    -0.000754      8638156 
   79.900    -0.000028430    -0.000757    -0.000764      8609304 
   80.000     0.000018456     0.000489     0.000496      8760532 
   80.100     0.000016835     0.000451     0.000454      8649792 
   80.200    -0.000090141    -0.002424    -0.002434      8668536 
   80.300    -0.000063200    -0.001687    -0.001706      8671012 
   80.400    -0.000004990    -0.000133    -0.000135      8662304 
   80.500     0.000007174     0.000191     0.000193      8654900 
   80.600    -0.000050354    -0.001348    -0.001365      8592684 
   80.700     0.000030860     0.000831     0.000835      8529224 
   80.800     0.000043129     0.001149     0.001162      8616444 
   80.900     0.000068006     0.001823     0.001838      8631032 
   81.000     0.000034403     0.000933     0.000928      8574352 
   81.100     0.000025487     0.000696     0.000695      8513688 
   81.200     0.000048651     0.001318     0.001314      8439856 
   81.300     0.000024561     0.000657     0.000662      8482256 
   81.400     0.000011442     0.000306     0.000307      8453872 
   81.500    -0.000038713    -0.001047    -0.001047      8463596 
   81.600     0.000044967     0.001203     0.001206      8403200 
   81.700     0.000043630     0.001165     0.001172      8353468 
   81.800     0.000054586     0.001450     0.001459      8341460 
   81.900     0.000013072     0.000350     0.000350      8386996 
   82.000     0.000007350     0.000197     0.000198      8353992 
   82.100     0.000026436     0.000703     0.000712      8291348 
   82.200    -0.000018321    -0.000494    -0.000496      8248596 
   82.300     0.000003356     0.000090     0.000091      8269308 
   82.400     0.000034688     0.000920     0.000931      8332888 
   82.500     0.000029660     0.000796     0.000800      8311860 
   82.600     0.000021390     0.000575     0.000575      8312284 
   82.700     0.000003122     0.000084     0.000084      8291068 
   82.800     0.000015349     0.000408     0.000412      8230808 
   82.900     0.000075640     0.002006     0.002019      8219104 
   83.000     0.000084421     0.002249     0.002270      8218980 
   83.100     0.000021840     0.000581     0.000590      8211352 
   83.200     0.000018743     0.000499     0.000504      8249256 
   83.300     0.000006236     0.000166     0.000167      8095872 
   83.400     0.000074247     0.001978     0.001988      8185312 
   83.500    -0.000008531    -0.000227    -0.000229      8115580 
   83.600     0.000010377     0.000276     0.000278      8165744 
   83.700     0.000057576     0.001534     0.001550      8221244 
   83.800     0.000063744     0.001671     0.001703      8125264 
   83.900     0.000024866     0.000658     0.000665      8132284 
   84.000    -0.000008915    -0.000237    -0.000241      8111616 
   84.100     0.000001951     0.000052     0.000053      8091008 
   84.200     0.000068281     0.001809     0.001839      8128008 
   84.300     0.000034517     0.000910     0.000918      8129284 
   84.400    -0.000001286    -0.000034    -0.000034      8074732 
   84.500     0.000009155     0.000241     0.000244      8065664 
   84.600    -0.000006010    -0.000157    -0.000160      8036764 
   84.700     0.000007921     0.000209     0.000212      8053260 
   84.800    -0.000018194    -0.000483    -0.000489      8115716 
   84.900    -0.000048852    -0.001296    -0.001315      8087468 
   85.000    -0.000044517    -0.001183    -0.001197      8026184 
   85.100    -0.000006525    -0.000172    -0.000175      8094340 
   85.200     0.000028153     0.000751     0.000762      8101412 
   85.300     0.000029455     0.000782     0.000791      8050976 
   85.400     0.000014936     0.000393     0.000400      8056340 
   85.500    -0.000027867    -0.000735    -0.000745      8049236 
   85.600    -0.000010541    -0.000281    -0.000283      8088120 
   85.700     0.000031633     0.000837     0.000849      8008576 
   85.800     0.000034893     0.000926     0.000935      8009520 
   85.900    -0.000010783    -0.000285    -0.000287      8010520 
   86.000     0.000026525     0.000696     0.000705      8025116 
   86.100     0.000024810     0.000665     0.000667      8019472 
   86.200     0.000055135     0.001466     0.001479      8009720 
   86.300    -0.000039203    -0.001046    -0.001055      7967504 
   86.400    -0.000019657    -0.000519    -0.000530      8009612 
   86.500    -0.000027604    -0.000739    -0.000745      8022104 
   86.600     0.000009404     0.000251     0.000252      7920160 
   86.700    -0.000005120    -0.000136    -0.000138      7978064 
   86.800    -0.000015628    -0.000418    -0.000423      7974080 
   86.900    -0.000007379    -0.000194    -0.000197      7954092 
   87.000    -0.000011001    -0.000292    -0.000294      7841920 
   87.100    -0.000013744    -0.000366    -0.000368      7890916 
   87.200    -0.000037010    -0.000985    -0.000995      7872640 
   87.300    -0.000077653    -0.002084    -0.002091      7863864 
   87.400    -0.000009790    -0.000261    -0.000264      7817696 
   87.500     0.000027533     0.000736     0.000739      7811284 
   87.600     0.000021111     0.000565     0.000571      7867600 
   87.700    -0.000054022    -0.001432    -0.001447      7801176 
   87.800    -0.000024289    -0.000639    -0.000651      7827604 
   87.900    -0.000029110    -0.000779    -0.000783      7813400 
   88.000    -0.000029503    -0.000784    -0.000789      7722976 
   88.100    -0.000050757    -0.001348    -0.001369      7756464 
   88.200    -0.000014366    -0.000380    -0.000384      7730904 
   88.300    -0.000058744    -0.001562    -0.001574      7711060 
   88.400     0.000016793     0.000446     0.000451      7676432 
   88.500    -0.000022351    -0.000590    -0.000600      7689840 
   88.600     0.000067613     0.001785     0.001815      7722788 
   88.700     0.000004779     0.000126     0.000128      7675764 
   88.800    -0.000003351    -0.000089    -0.000090      7702448 
   88.900    -0.000065831    -0.001742    -0.001772      7676820 
   89.000    -0.000009955    -0.000262    -0.000267      7659036 
   89.100    -0.000033315    -0.000889    -0.000897      7557584 
   89.200    -0.000023034    -0.000604    -0.000616      7636108 
   89.300     0.000028615     0.000756     0.000768      7593096 
   89.400    -0.000050131    -0.001321    -0.001348      7650228 
   89.500     0.000085743     0.002253     0.002296      7598688 
   89.600     0.000029948     0.000789     0.000798      7604104 
   89.700    -0.000038855    -0.001024    -0.001039      7620848 
   89.800    -0.000055216    -0.001468    -0.001488      7575492 
   89.900     0.000007611     0.000200     0.000204      7627016 
   90.000    -0.000053472    -0.001412    -0.001431      7563848 
   90.100     0.000000993     0.000026     0.000027      7555704 
   90.200     0.000076814     0.002018     0.002059      7503692 
   90.300    -0.000016292    -0.000431    -0.000440      7477704 
   90.400     0.000072040     0.001906     0.001927      7450760 
   90.500    -0.000008030    -0.000214    -0.000214      7446816 
   90.600    -0.000024120    -0.000640    -0.000647      7436100 
   90.700     0.000011902     0.000314     0.000318      7460916 
   90.800    -0.000039463    -0.001040    -0.001060      7443916 
   90.900    -0.000001469    -0.000039    -0.000039      7469128 
   91.000    -0.000049333    -0.001314    -0.001321      7455164 
   91.100    -0.000034322    -0.000912    -0.000922      7455420 
   91.200    -0.000026639    -0.000707    -0.000719      7383320 
   91.300    -0.000004831    -0.000128    -0.000130      7356040 
   91.400    -0.000052056    -0.001363    -0.001389      7299588 
   91.500    -0.000069396    -0.001820    -0.001854      7385944 
   91.600    -0.000029693    -0.000780    -0.000791      7316428 
   91.700    -0.000076710    -0.002023    -0.002051      7291300 
   91.800    -0.000087558    -0.002335    -0.002356      7404192 
   91.900    -0.000000644    -0.000017    -0.000017      7381840 
   92.000    -0.000042102    -0.001110    -0.001129      7286992 
   92.100    -0.000049941    -0.001321    -0.001341      7374376 
   92.200    -0.000103239    -0.002725    -0.002764      7282400 
   92.300    -0.000059977    -0.001586    -0.001608      7227272 
   92.400    -0.000007660    -0.000203    -0.000207      7236784 
   92.500     0.000037461     0.000983     0.001003      7224460 
   92.600     0.000056062     0.001495     0.001511      7188532 
   92.700     0.000011296     0.000300     0.000303      7150600 
   92.800     0.000012981     0.000344     0.000349      7154192 
   92.900    -0.000109821    -0.002896    -0.002945      7265144 
   93.000    -0.000089848    -0.002346    -0.002394      7216944 
   93.100    -0.000009587    -0.000249    -0.000256      7125436 
   93.200     0.000011859     0.000312     0.000317      7222528 
   93.300    -0.000093285    -0.002445    -0.002477      7188564 
   93.400    -0.000070844    -0.001867    -0.001902      7136540 
   93.500    -0.000074330    -0.001957    -0.001988      7188984 
   93.600    -0.000024488    -0.000643    -0.000658      7134752 
   93.700    -0.000071370    -0.001871    -0.001916      7088476 
   93.800    -0.000008834    -0.000231    -0.000235      6993028 
   93.900    -0.000120218    -0.003132    -0.003211      7091568 
   94.000    -0.000048272    -0.001260    -0.001293      7038604 
   94.100    -0.000028352    -0.000747    -0.000759      7024376 
   94.200    -0.000130599    -0.003443    -0.003489      7018116 
   94.300    -0.000111048    -0.002959    -0.002978      7074768 
   94.400    -0.000112087    -0.002941    -0.002988      6986220 
   94.500    -0.000114632    -0.002997    -0.003056      7005040 
   94.600    -0.000091382    -0.002381    -0.002427      7011840 
   94.700    -0.000061165    -0.001606    -0.001639      6949300 
   94.800    -0.000059342    -0.001555    -0.001578      6952528 
   94.900     0.000009985     0.000261     0.000266      6927376 
   95.000    -0.000121991    -0.003198    -0.003250      7006860 
   95.100    -0.000096658    -0.002528    -0.002578      6979920 
   95.200    -0.000068628    -0.001793    -0.001828      7011680 
   95.300    -0.000037448    -0.000973    -0.000995      6900352 
   95.400    -0.000046011    -0.001218    -0.001229      6996680 
   95.500    -0.000044502    -0.001170    -0.001190      6946336 
   95.600    -0.000049724    -0.001316    -0.001340      6920592 
   95.700     0.000038835     0.001019     0.001035      6963952 
   95.800     0.000012637     0.000334     0.000340      6869388 
   95.900     0.000003458     0.000091     0.000093      6949636 
   96.000    -0.000034781    -0.000926    -0.000938      6948096 
   96.100     0.000009674     0.000255     0.000259      6998144 
   96.200     0.000017718     0.000465     0.000476      6943920 
   96.300    -0.000061640    -0.001628    -0.001663      6947820 
   96.400    -0.000029216    -0.000769    -0.000785      6839816 
   96.500    -0.000044935    -0.001192    -0.001209      6962424 
   96.600    -0.000071250    -0.001884    -0.001922      6909220 
   96.700    -0.000027843    -0.000738    -0.000749      6825356 
   96.800    -0.000012408    -0.000329    -0.000335      6785084 
   96.900    -0.000043928    -0.001153    -0.001182      6812008 
   97.000    -0.000046080    -0.001226    -0.001248      6789576 
   97.100    -0.000010574    -0.000279    -0.000284      6816912 
   97.200    -0.000016322    -0.000432    -0.000436      6812268 
   97.300    -0.000042427    -0.001112    -0.001140      6807488 
   97.400    -0.000044967    -0.001193    -0.001214      6782800 
   97.500    -0.000047692    -0.001251    -0.001277      6748720 
   97.600    -0.000062228    -0.001646    -0.001675      6730316 
   97.700    -0.000033152    -0.000874    -0.000889      6733804 
   97.800    -0.000040509    -0.001075    -0.001084      6770228 
   97.900    -0.000017195    -0.000457    -0.000462      6715660 
   98.000    -0.000004688    -0.000124    -0.000126      6730064 
   98.100    -0.000080431    -0.002155    -0.002169      6714616 
   98.200    -0.000042853    -0.001141    -0.001156      6700588 
   98.300    -0.000038750    -0.001028    -0.001047      6759752 
   98.400     0.000007242     0.000190     0.000195      6788140 
   98.500    -0.000026779    -0.000706    -0.000718      6737824 
   98.600     0.000128298     0.003302     0.003397      6575392 
   98.700    -0.000008972    -0.000238    -0.000242      6631088 
   98.800    -0.000002048    -0.000054    -0.000055      6624472 
   98.900     0.000006575     0.000174     0.000177      6536956 
   99.000    -0.000053007    -0.001405    -0.001433      6548204 
   99.100    -0.000030387    -0.000800    -0.000817      6591068 
   99.200    -0.000051461    -0.001374    -0.001399      6573476 
   99.300     0.000003150     0.000084     0.000086      6512284 
   99.400    -0.000099201    -0.002664    -0.002694      6553692 
   99.500    -0.000043280    -0.001153    -0.001167      6578944 
   99.600    -0.000022370    -0.000595    -0.000603      6531236 
   99.700    -0.000066357    -0.001778    -0.001794      6524912 
   99.800    -0.000074922    -0.001960    -0.002007      6543144 
   99.900    -0.000054061    -0.001430    -0.001451      6480656 
  100.000    -0.000061057    -0.001613    -0.001641      6434464 
