 ##Z-score and correlation:: Simulation  binsize:     0.001000
    0.100     0.004131940     0.108972     0.109759      5306642 
    0.200     0.002375614     0.062553     0.062380      4617446 
    0.300     0.002180709     0.057810     0.057447      4602973 
    0.400     0.001931055     0.050391     0.050508      4541965 
    0.500     0.001755491     0.046255     0.045981      4498189 
    0.600     0.001706826     0.045216     0.044761      4476203 
    0.700     0.001591002     0.042043     0.041839      4462013 
    0.800     0.001459352     0.038246     0.038236      4440940 
    0.900     0.001382335     0.036110     0.036285      4439346 
    1.000     0.001370699     0.035586     0.035839      4432762 
    1.100     0.001287381     0.033686     0.033731      4414812 
    1.200     0.001249264     0.032819     0.032809      4426643 
    1.300     0.001229458     0.032185     0.032254      4392535 
    1.400     0.001072513     0.028196     0.028216      4356868 
    1.500     0.001137742     0.029761     0.029974      4352908 
    1.600     0.001028011     0.026943     0.027195      4358285 
    1.700     0.001031022     0.027047     0.027198      4363423 
    1.800     0.001047768     0.027323     0.027630      4352396 
    1.900     0.000909563     0.024029     0.023905      4344190 
    2.000     0.000807247     0.021552     0.021533      4322688 
    2.100     0.000838982     0.022083     0.022140      4323809 
    2.200     0.000762968     0.019837     0.019920      4326912 
    2.300     0.000724603     0.019029     0.019025      4329895 
    2.400     0.000770180     0.020182     0.020214      4309704 
    2.500     0.000776496     0.020618     0.020575      4295156 
    2.600     0.000751704     0.019718     0.019804      4290063 
    2.700     0.000651286     0.016985     0.017106      4257440 
    2.800     0.000532427     0.013921     0.014049      4278308 
    2.900     0.000557046     0.014786     0.014816      4274806 
    3.000     0.000555635     0.014575     0.014645      4277929 
    3.100     0.000437408     0.011720     0.011651      4273494 
    3.200     0.000623430     0.016551     0.016546      4282214 
    3.300     0.000535793     0.014250     0.014190      4262452 
    3.400     0.000520395     0.013718     0.013734      4266670 
    3.500     0.000514157     0.013528     0.013505      4270436 
    3.600     0.000421754     0.011270     0.011168      4260080 
    3.700     0.000297317     0.007821     0.007837      4246639 
    3.800     0.000348846     0.009209     0.009205      4247714 
    3.900     0.000253985     0.006671     0.006654      4213810 
    4.000     0.000328684     0.008667     0.008681      4218238 
    4.100     0.000278706     0.007432     0.007387      4221371 
    4.200     0.000327114     0.008686     0.008658      4212102 
    4.300     0.000421128     0.011201     0.011107      4219867 
    4.400     0.000416656     0.011072     0.011054      4193797 
    4.500     0.000378963     0.009996     0.010024      4215835 
    4.600     0.000339662     0.008994     0.009035      4198516 
    4.700     0.000372462     0.009859     0.009832      4204531 
    4.800     0.000283266     0.007425     0.007457      4211524 
    4.900     0.000357263     0.009418     0.009425      4202749 
    5.000     0.000460905     0.012156     0.012138      4209089 
    5.100     0.000344210     0.008993     0.009038      4183691 
    5.200     0.000346991     0.009019     0.009077      4207427 
    5.300     0.000310382     0.008115     0.008193      4175613 
    5.400     0.000352710     0.009199     0.009209      4211331 
    5.500     0.000269661     0.007020     0.007087      4182295 
    5.600     0.000360451     0.009410     0.009461      4182286 
    5.700     0.000349388     0.009184     0.009200      4153928 
    5.800     0.000367711     0.009690     0.009665      4138003 
    5.900     0.000354237     0.009312     0.009297      4153355 
    6.000     0.000357242     0.009359     0.009343      4174731 
    6.100     0.000334485     0.008855     0.008821      4176191 
    6.200     0.000309677     0.008123     0.008101      4179211 
    6.300     0.000218268     0.005793     0.005762      4182918 
    6.400     0.000233943     0.006137     0.006126      4179359 
    6.500     0.000263801     0.006959     0.006937      4168269 
    6.600     0.000170018     0.004489     0.004465      4170745 
    6.700     0.000166773     0.004442     0.004402      4152819 
    6.800     0.000100836     0.002659     0.002645      4147708 
    6.900     0.000231428     0.006114     0.006088      4137937 
    7.000     0.000235714     0.006189     0.006146      4182981 
    7.100     0.000195913     0.005168     0.005122      4149150 
    7.200     0.000231515     0.006133     0.006059      4195397 
    7.300     0.000149669     0.003944     0.003939      4159416 
    7.400     0.000133594     0.003532     0.003524      4167331 
    7.500     0.000141827     0.003721     0.003724      4172227 
    7.600     0.000206204     0.005433     0.005426      4145477 
    7.700     0.000248078     0.006508     0.006493      4160091 
    7.800     0.000196877     0.005166     0.005150      4154162 
    7.900     0.000205699     0.005433     0.005408      4121141 
    8.000     0.000210615     0.005577     0.005547      4158698 
    8.100     0.000208381     0.005544     0.005512      4144010 
    8.200     0.000227647     0.005955     0.005957      4149225 
    8.300     0.000243688     0.006397     0.006389      4161971 
    8.400     0.000175561     0.004608     0.004606      4171572 
    8.500     0.000147229     0.003910     0.003883      4172917 
    8.600     0.000182580     0.004777     0.004777      4136914 
    8.700     0.000213183     0.005702     0.005654      4135871 
    8.800     0.000228459     0.006020     0.005987      4149546 
    8.900     0.000191839     0.005090     0.005079      4161106 
    9.000     0.000178472     0.004751     0.004699      4146720 
    9.100     0.000039984     0.001057     0.001057      4120874 
    9.200     0.000143929     0.003821     0.003801      4110386 
    9.300     0.000101542     0.002726     0.002688      4128682 
    9.400     0.000145710     0.003863     0.003862      4124452 
    9.500     0.000160472     0.004264     0.004253      4107989 
    9.600     0.000051780     0.001366     0.001366      4116283 
    9.700     0.000119496     0.003130     0.003137      4101433 
    9.800     0.000153665     0.004012     0.004024      4085971 
    9.900     0.000207330     0.005400     0.005428      4106601 
   10.000     0.000141482     0.003746     0.003725      4107370 
   10.100     0.000085871     0.002247     0.002240      4105097 
   10.200     0.000107844     0.002859     0.002842      4113052 
   10.300     0.000135959     0.003611     0.003609      4105018 
   10.400     0.000099194     0.002626     0.002629      4095739 
   10.500     0.000102159     0.002687     0.002683      4073159 
   10.600     0.000139483     0.003674     0.003662      4098845 
   10.700     0.000158725     0.004198     0.004176      4074701 
   10.800     0.000130935     0.003445     0.003453      4092248 
   10.900     0.000068266     0.001792     0.001790      4076978 
   11.000     0.000067344     0.001775     0.001765      4075192 
   11.100     0.000020322     0.000536     0.000533      4066675 
   11.200     0.000074875     0.001977     0.001975      4068120 
   11.300     0.000084017     0.002190     0.002199      4090319 
   11.400     0.000183150     0.004824     0.004814      4101233 
   11.500     0.000088162     0.002326     0.002311      4090529 
   11.600    -0.000007349    -0.000193    -0.000192      4091934 
   11.700     0.000010418     0.000272     0.000273      4048862 
   11.800    -0.000004455    -0.000118    -0.000117      4022120 
   11.900     0.000031197     0.000824     0.000819      4060696 
   12.000    -0.000033798    -0.000887    -0.000887      4052294 
   12.100    -0.000079371    -0.002085    -0.002080      4043823 
   12.200    -0.000101689    -0.002677    -0.002666      4063505 
   12.300    -0.000054044    -0.001428    -0.001422      4051244 
   12.400    -0.000027649    -0.000729    -0.000728      4051803 
   12.500    -0.000056359    -0.001483    -0.001478      4081788 
   12.600    -0.000071753    -0.001907    -0.001894      4086750 
   12.700     0.000058279     0.001527     0.001527      4044809 
   12.800     0.000007342     0.000191     0.000191      4041236 
   12.900     0.000077418     0.002008     0.002013      4052260 
   13.000     0.000101105     0.002614     0.002625      4023141 
   13.100    -0.000048147    -0.001238    -0.001252      4012718 
   13.200    -0.000032220    -0.000837    -0.000843      4010793 
   13.300    -0.000006313    -0.000165    -0.000165      4035391 
   13.400     0.000053966     0.001408     0.001414      4009364 
   13.500     0.000097365     0.002530     0.002549      4005045 
   13.600     0.000146298     0.003797     0.003825      4027558 
   13.700     0.000005054     0.000131     0.000132      4023005 
   13.800     0.000009111     0.000236     0.000238      4026166 
   13.900     0.000009553     0.000248     0.000250      3989700 
   14.000     0.000010715     0.000280     0.000281      4031174 
   14.100     0.000058397     0.001516     0.001536      4016455 
   14.200    -0.000016153    -0.000426    -0.000424      4002628 
   14.300     0.000034078     0.000898     0.000892      3995701 
   14.400     0.000027171     0.000708     0.000711      3997029 
   14.500     0.000075823     0.002006     0.002009      3998754 
   14.600    -0.000012722    -0.000339    -0.000336      3996986 
   14.700    -0.000058894    -0.001560    -0.001560      3982195 
   14.800    -0.000010000    -0.000262    -0.000264      3982257 
   14.900    -0.000023052    -0.000603    -0.000609      4005066 
   15.000     0.000034339     0.000890     0.000891      3970121 
   15.100    -0.000001623    -0.000042    -0.000042      3996653 
   15.200     0.000024623     0.000651     0.000647      3995336 
   15.300    -0.000009498    -0.000247    -0.000248      3989430 
   15.400     0.000017370     0.000453     0.000455      3997057 
   15.500     0.000036197     0.000950     0.000953      4002535 
   15.600    -0.000049323    -0.001294    -0.001297      3998420 
   15.700    -0.000087990    -0.002299    -0.002312      3946728 
   15.800    -0.000141567    -0.003738    -0.003736      3964958 
   15.900    -0.000086961    -0.002274    -0.002282      3969423 
   16.000    -0.000122319    -0.003177    -0.003179      3962104 
   16.100    -0.000067825    -0.001780    -0.001789      3988819 
   16.200    -0.000254124    -0.006620    -0.006654      3976196 
   16.300    -0.000225132    -0.005972    -0.005943      3958250 
   16.400    -0.000152204    -0.003998    -0.003983      3984806 
   16.500    -0.000133452    -0.003524    -0.003502      3976332 
   16.600    -0.000113163    -0.002962    -0.002986      3976461 
   16.700    -0.000124777    -0.003207    -0.003248      3945181 
   16.800    -0.000077207    -0.002023    -0.002023      3961756 
   16.900    -0.000127966    -0.003333    -0.003356      3947202 
   17.000    -0.000026665    -0.000696    -0.000700      3955090 
   17.100    -0.000113029    -0.002979    -0.002968      3989532 
   17.200    -0.000006475    -0.000171    -0.000170      3970527 
   17.300     0.000017913     0.000472     0.000471      3953321 
   17.400    -0.000089332    -0.002367    -0.002354      3964862 
   17.500     0.000005771     0.000151     0.000151      3951323 
   17.600    -0.000039022    -0.001010    -0.001019      3934145 
   17.700    -0.000079320    -0.002098    -0.002098      3958962 
   17.800    -0.000167327    -0.004353    -0.004368      3963100 
   17.900     0.000028806     0.000759     0.000760      3952914 
   18.000    -0.000075975    -0.002018    -0.002013      3951169 
   18.100    -0.000029989    -0.000794    -0.000784      3949628 
   18.200    -0.000008783    -0.000227    -0.000230      3951144 
   18.300    -0.000082105    -0.002142    -0.002138      3960835 
   18.400    -0.000061194    -0.001586    -0.001596      3951458 
   18.500    -0.000037488    -0.000979    -0.000986      3954279 
   18.600     0.000011824     0.000308     0.000310      3925071 
   18.700    -0.000011631    -0.000305    -0.000304      3922609 
   18.800    -0.000055711    -0.001448    -0.001458      3952851 
   18.900     0.000032907     0.000860     0.000865      3947938 
   19.000    -0.000063696    -0.001639    -0.001659      3930023 
   19.100     0.000013117     0.000342     0.000344      3911883 
   19.200    -0.000075888    -0.001993    -0.001996      3903938 
   19.300    -0.000206998    -0.005390    -0.005399      3911268 
   19.400    -0.000108178    -0.002836    -0.002834      3945023 
   19.500    -0.000087054    -0.002293    -0.002267      3944982 
   19.600    -0.000008175    -0.000216    -0.000215      3895512 
   19.700    -0.000008352    -0.000220    -0.000220      3921778 
   19.800    -0.000129408    -0.003386    -0.003396      3939631 
   19.900    -0.000008944    -0.000234    -0.000235      3921814 
   20.000    -0.000086318    -0.002223    -0.002239      3894389 
   20.100    -0.000099046    -0.002575    -0.002575      3889714 
   20.200    -0.000117824    -0.003096    -0.003111      3882292 
   20.300    -0.000155211    -0.004037    -0.004065      3933759 
   20.400    -0.000096176    -0.002517    -0.002529      3916648 
   20.500    -0.000057265    -0.001488    -0.001495      3936195 
   20.600    -0.000055009    -0.001420    -0.001436      3919462 
   20.700    -0.000051117    -0.001331    -0.001336      3910199 
   20.800    -0.000026917    -0.000717    -0.000710      3884669 
   20.900     0.000007769     0.000206     0.000205      3915878 
   21.000    -0.000052570    -0.001372    -0.001375      3916810 
   21.100    -0.000123275    -0.003238    -0.003222      3882865 
   21.200    -0.000143458    -0.003789    -0.003765      3895803 
   21.300    -0.000107172    -0.002813    -0.002805      3865969 
   21.400    -0.000002122    -0.000056    -0.000056      3881286 
   21.500    -0.000094921    -0.002482    -0.002486      3893815 
   21.600    -0.000037839    -0.000990    -0.000990      3888582 
   21.700    -0.000100249    -0.002637    -0.002625      3896261 
   21.800    -0.000041111    -0.001082    -0.001079      3903454 
   21.900    -0.000072854    -0.001931    -0.001911      3894187 
   22.000    -0.000025748    -0.000678    -0.000674      3856186 
   22.100     0.000011992     0.000314     0.000314      3843730 
   22.200    -0.000080366    -0.002133    -0.002119      3834858 
   22.300    -0.000032599    -0.000856    -0.000852      3863290 
   22.400    -0.000090306    -0.002390    -0.002368      3861423 
   22.500    -0.000022741    -0.000602    -0.000597      3883531 
   22.600    -0.000073010    -0.001919    -0.001913      3869062 
   22.700    -0.000059888    -0.001572    -0.001573      3874794 
   22.800    -0.000102918    -0.002695    -0.002696      3855278 
   22.900    -0.000073151    -0.001922    -0.001919      3820888 
   23.000    -0.000049124    -0.001292    -0.001290      3847877 
   23.100    -0.000090122    -0.002375    -0.002353      3853011 
   23.200    -0.000015033    -0.000399    -0.000397      3858221 
   23.300    -0.000071832    -0.001907    -0.001897      3853433 
   23.400    -0.000185053    -0.004896    -0.004878      3856447 
   23.500    -0.000052117    -0.001375    -0.001376      3859040 
   23.600    -0.000040426    -0.001065    -0.001065      3848963 
   23.700    -0.000182983    -0.004813    -0.004786      3837588 
   23.800    -0.000227643    -0.005969    -0.005974      3851203 
   23.900    -0.000184805    -0.004852    -0.004869      3843423 
   24.000    -0.000082090    -0.002174    -0.002171      3819726 
   24.100    -0.000086225    -0.002287    -0.002276      3849297 
   24.200    -0.000047926    -0.001264    -0.001260      3835647 
   24.300    -0.000137792    -0.003641    -0.003621      3823817 
   24.400    -0.000215678    -0.005679    -0.005712      3852914 
   24.500    -0.000147799    -0.003874    -0.003873      3837454 
   24.600    -0.000135503    -0.003573    -0.003555      3844717 
   24.700    -0.000168198    -0.004438    -0.004408      3854422 
   24.800    -0.000165108    -0.004302    -0.004306      3826494 
   24.900    -0.000159752    -0.004146    -0.004156      3820580 
   25.000    -0.000114419    -0.002985    -0.003003      3821024 
   25.100    -0.000055155    -0.001453    -0.001448      3827493 
   25.200    -0.000179717    -0.004705    -0.004703      3817359 
   25.300    -0.000058400    -0.001543    -0.001537      3846512 
   25.400    -0.000185064    -0.004858    -0.004832      3850162 
   25.500    -0.000250437    -0.006550    -0.006546      3822939 
   25.600    -0.000181010    -0.004781    -0.004761      3812099 
   25.700    -0.000239221    -0.006302    -0.006283      3795408 
   25.800    -0.000171945    -0.004600    -0.004538      3795872 
   25.900    -0.000157581    -0.004202    -0.004136      3785145 
   26.000    -0.000154637    -0.004035    -0.004034      3801303 
   26.100    -0.000192092    -0.005042    -0.005014      3773254 
   26.200    -0.000104997    -0.002761    -0.002746      3788221 
   26.300    -0.000108034    -0.002808    -0.002801      3770769 
   26.400    -0.000125197    -0.003281    -0.003253      3787529 
   26.500    -0.000106645    -0.002780    -0.002786      3776432 
   26.600     0.000027285     0.000710     0.000710      3755061 
   26.700    -0.000001544    -0.000040    -0.000040      3764765 
   26.800    -0.000155340    -0.004035    -0.004026      3752592 
   26.900    -0.000095423    -0.002508    -0.002504      3761682 
   27.000     0.000037594     0.000969     0.000978      3751838 
   27.100    -0.000023602    -0.000614    -0.000614      3714917 
   27.200    -0.000065898    -0.001722    -0.001738      3749994 
   27.300    -0.000028692    -0.000759    -0.000760      3708812 
   27.400    -0.000058076    -0.001527    -0.001538      3737809 
   27.500    -0.000050996    -0.001314    -0.001327      3734622 
   27.600    -0.000101568    -0.002662    -0.002666      3722714 
   27.700    -0.000044268    -0.001156    -0.001165      3733312 
   27.800     0.000014025     0.000361     0.000366      3742118 
   27.900     0.000017230     0.000448     0.000452      3758525 
   28.000     0.000047125     0.001219     0.001230      3743830 
   28.100     0.000032267     0.000848     0.000845      3723286 
   28.200     0.000053752     0.001400     0.001405      3726780 
   28.300     0.000102680     0.002684     0.002672      3723512 
   28.400     0.000081232     0.002114     0.002123      3716520 
   28.500     0.000111493     0.002921     0.002920      3702003 
   28.600     0.000138930     0.003620     0.003635      3701868 
   28.700     0.000099713     0.002600     0.002621      3700765 
   28.800     0.000157571     0.004094     0.004142      3746202 
   28.900     0.000111721     0.002920     0.002921      3736647 
   29.000     0.000213233     0.005516     0.005553      3728955 
   29.100     0.000057492     0.001492     0.001507      3718047 
   29.200     0.000132154     0.003435     0.003451      3705217 
   29.300     0.000048072     0.001255     0.001261      3700635 
   29.400     0.000210441     0.005570     0.005558      3723196 
   29.500     0.000182547     0.004767     0.004761      3683949 
   29.600     0.000172924     0.004552     0.004550      3701866 
   29.700     0.000152061     0.003986     0.003992      3668874 
   29.800     0.000131781     0.003442     0.003454      3647325 
   29.900     0.000187763     0.004908     0.004928      3657356 
   30.000     0.000080953     0.002088     0.002113      3678142 
   30.100     0.000030158     0.000775     0.000784      3665438 
   30.200     0.000083070     0.002171     0.002168      3685162 
   30.300     0.000129160     0.003359     0.003382      3715380 
   30.400    -0.000084090    -0.002154    -0.002177      3680222 
   30.500     0.000047423     0.001224     0.001235      3673361 
   30.600    -0.000034843    -0.000907    -0.000917      3679421 
   30.700     0.000027990     0.000728     0.000731      3682562 
   30.800    -0.000006131    -0.000159    -0.000161      3671903 
   30.900     0.000003030     0.000079     0.000079      3646822 
   31.000     0.000064015     0.001666     0.001682      3664442 
   31.100    -0.000000832    -0.000021    -0.000022      3654857 
   31.200     0.000127250     0.003240     0.003295      3674729 
   31.300     0.000025942     0.000667     0.000674      3648198 
   31.400    -0.000065659    -0.001703    -0.001724      3652813 
   31.500    -0.000018401    -0.000476    -0.000481      3618784 
   31.600    -0.000035240    -0.000910    -0.000916      3627921 
   31.700     0.000073367     0.001910     0.001913      3633240 
   31.800     0.000019015     0.000493     0.000495      3618781 
   31.900     0.000053987     0.001397     0.001412      3626666 
   32.000     0.000126126     0.003276     0.003286      3646482 
   32.100     0.000012867     0.000337     0.000339      3666971 
   32.200     0.000064320     0.001688     0.001702      3626038 
   32.300     0.000167856     0.004353     0.004382      3644011 
   32.400     0.000145178     0.003782     0.003797      3644979 
   32.500     0.000041011     0.001073     0.001074      3656723 
   32.600    -0.000034981    -0.000911    -0.000916      3626612 
   32.700    -0.000053385    -0.001388    -0.001394      3617303 
   32.800    -0.000101197    -0.002621    -0.002633      3635959 
   32.900    -0.000143398    -0.003690    -0.003719      3624892 
   33.000     0.000090939     0.002401     0.002390      3621954 
   33.100     0.000003231     0.000085     0.000085      3598169 
   33.200    -0.000099145    -0.002545    -0.002587      3598229 
   33.300    -0.000098183    -0.002524    -0.002557      3577833 
   33.400     0.000061387     0.001586     0.001602      3575936 
   33.500    -0.000057503    -0.001459    -0.001488      3580184 
   33.600     0.000068648     0.001760     0.001789      3602930 
   33.700    -0.000039124    -0.000999    -0.001012      3602868 
   33.800    -0.000009405    -0.000242    -0.000246      3595269 
   33.900    -0.000045064    -0.001170    -0.001179      3587440 
   34.000    -0.000007339    -0.000190    -0.000192      3586217 
   34.100     0.000013119     0.000340     0.000343      3566347 
   34.200    -0.000070227    -0.001818    -0.001835      3565418 
   34.300    -0.000019323    -0.000501    -0.000505      3570564 
   34.400    -0.000041307    -0.001063    -0.001079      3582614 
   34.500    -0.000059313    -0.001527    -0.001554      3556626 
   34.600     0.000023696     0.000623     0.000625      3542898 
   34.700     0.000041736     0.001074     0.001089      3554770 
   34.800    -0.000040517    -0.001048    -0.001056      3561912 
   34.900     0.000064029     0.001642     0.001655      3551407 
   35.000     0.000076668     0.001928     0.001982      3530809 
   35.100     0.000084824     0.002170     0.002222      3538656 
   35.200     0.000047612     0.001218     0.001246      3524944 
   35.300     0.000086859     0.002206     0.002244      3516818 
   35.400     0.000148532     0.003835     0.003884      3524644 
   35.500     0.000229426     0.005918     0.005974      3529290 
   35.600     0.000116085     0.003001     0.003047      3527725 
   35.700     0.000037025     0.000957     0.000969      3509779 
   35.800     0.000076499     0.001987     0.002004      3485547 
   35.900     0.000010708     0.000277     0.000280      3515196 
   36.000     0.000126527     0.003296     0.003307      3536276 
   36.100     0.000075117     0.001935     0.001952      3499121 
   36.200     0.000121230     0.003140     0.003175      3500542 
   36.300     0.000117978     0.003052     0.003094      3508898 
   36.400     0.000100103     0.002565     0.002610      3506277 
   36.500     0.000206004     0.005276     0.005361      3498893 
   36.600     0.000124036     0.003207     0.003235      3468470 
   36.700     0.000191954     0.004949     0.004964      3461969 
   36.800     0.000111343     0.002887     0.002903      3493796 
   36.900     0.000031850     0.000828     0.000835      3492029 
   37.000     0.000010689     0.000278     0.000280      3489367 
   37.100     0.000080759     0.002099     0.002108      3482067 
   37.200     0.000082809     0.002157     0.002169      3461195 
   37.300     0.000178652     0.004703     0.004719      3468598 
   37.400     0.000134618     0.003528     0.003536      3481929 
   37.500     0.000111633     0.002887     0.002905      3458778 
   37.600     0.000151462     0.003921     0.003931      3437139 
   37.700     0.000033069     0.000859     0.000862      3477708 
   37.800     0.000100742     0.002628     0.002636      3474847 
   37.900     0.000150450     0.003953     0.003957      3506227 
   38.000     0.000202929     0.005306     0.005309      3467446 
   38.100     0.000144599     0.003813     0.003815      3467581 
   38.200     0.000145023     0.003805     0.003824      3495432 
   38.300     0.000031085     0.000815     0.000818      3467563 
   38.400     0.000152215     0.003956     0.003994      3450799 
   38.500     0.000141779     0.003681     0.003690      3466419 
   38.600     0.000080847     0.002111     0.002115      3460363 
   38.700     0.000008891     0.000234     0.000233      3465546 
   38.800     0.000115807     0.003040     0.003037      3459834 
   38.900     0.000019979     0.000517     0.000523      3479039 
   39.000     0.000049888     0.001310     0.001313      3475550 
   39.100     0.000061485     0.001617     0.001623      3435085 
   39.200    -0.000029094    -0.000752    -0.000759      3454894 
   39.300     0.000004592     0.000120     0.000120      3452260 
   39.400     0.000119188     0.003111     0.003112      3450362 
   39.500     0.000132318     0.003378     0.003420      3444382 
   39.600     0.000043756     0.001153     0.001147      3445255 
   39.700     0.000010514     0.000275     0.000274      3440374 
   39.800    -0.000145202    -0.003793    -0.003789      3427800 
   39.900    -0.000051350    -0.001341    -0.001346      3412062 
   40.000     0.000107151     0.002750     0.002784      3387571 
   40.100    -0.000058199    -0.001526    -0.001528      3395376 
   40.200    -0.000157679    -0.004130    -0.004118      3401337 
   40.300    -0.000125192    -0.003255    -0.003265      3419781 
   40.400     0.000019439     0.000508     0.000510      3425244 
   40.500    -0.000002674    -0.000069    -0.000070      3418114 
   40.600     0.000068287     0.001780     0.001792      3392992 
   40.700     0.000045070     0.001187     0.001180      3385716 
   40.800    -0.000007849    -0.000204    -0.000204      3413719 
   40.900    -0.000013738    -0.000361    -0.000361      3369197 
   41.000     0.000117180     0.003005     0.003049      3356133 
   41.100     0.000059034     0.001544     0.001554      3355737 
   41.200     0.000008994     0.000236     0.000236      3391053 
   41.300    -0.000004530    -0.000117    -0.000118      3383139 
   41.400     0.000000783     0.000020     0.000020      3385310 
   41.500    -0.000044995    -0.001176    -0.001175      3379077 
   41.600    -0.000034450    -0.000897    -0.000895      3356620 
   41.700     0.000057682     0.001502     0.001496      3360923 
   41.800    -0.000002037    -0.000053    -0.000053      3370380 
   41.900    -0.000107255    -0.002800    -0.002778      3348428 
   42.000     0.000014529     0.000381     0.000380      3327167 
   42.100     0.000064849     0.001694     0.001706      3348265 
   42.200    -0.000071762    -0.001902    -0.001894      3302800 
   42.300    -0.000019210    -0.000510    -0.000509      3300245 
   42.400     0.000085195     0.002243     0.002254      3317647 
   42.500     0.000263035     0.006926     0.006901      3337045 
   42.600     0.000104603     0.002751     0.002759      3316039 
   42.700     0.000036934     0.000972     0.000973      3314909 
   42.800     0.000059921     0.001556     0.001565      3319543 
   42.900     0.000177566     0.004680     0.004657      3314486 
   43.000     0.000007824     0.000204     0.000206      3330571 
   43.100    -0.000020633    -0.000535    -0.000540      3305442 
   43.200    -0.000063214    -0.001655    -0.001659      3282395 
   43.300    -0.000086874    -0.002276    -0.002295      3276744 
   43.400     0.000105678     0.002732     0.002750      3282698 
   43.500     0.000067303     0.001758     0.001755      3282688 
   43.600     0.000077659     0.002030     0.002046      3279143 
   43.700     0.000028680     0.000743     0.000752      3278448 
   43.800     0.000161087     0.004204     0.004242      3265538 
   43.900     0.000081519     0.002118     0.002150      3266869 
   44.000     0.000037553     0.000972     0.000982      3266551 
   44.100    -0.000079170    -0.002033    -0.002070      3261997 
   44.200     0.000039392     0.001012     0.001023      3230676 
   44.300     0.000053279     0.001387     0.001399      3264755 
   44.400     0.000018642     0.000484     0.000490      3267595 
   44.500     0.000004162     0.000108     0.000109      3231976 
   44.600    -0.000009921    -0.000259    -0.000259      3219474 
   44.700     0.000001985     0.000052     0.000052      3206397 
   44.800    -0.000009243    -0.000241    -0.000243      3227167 
   44.900     0.000107570     0.002776     0.002805      3223200 
   45.000     0.000039085     0.001018     0.001016      3214205 
   45.100     0.000074796     0.001969     0.001973      3233773 
   45.200     0.000174714     0.004578     0.004582      3230205 
   45.300     0.000098976     0.002622     0.002604      3212095 
   45.400    -0.000038889    -0.001032    -0.001028      3211921 
   45.500     0.000132711     0.003491     0.003496      3234501 
   45.600     0.000053221     0.001390     0.001406      3200611 
   45.700     0.000051169     0.001334     0.001338      3197975 
   45.800     0.000026107     0.000688     0.000689      3185859 
   45.900     0.000064087     0.001700     0.001717      3215638 
   46.000     0.000023718     0.000628     0.000629      3191903 
   46.100     0.000121644     0.003208     0.003221      3212967 
   46.200    -0.000006846    -0.000183    -0.000181      3192156 
   46.300    -0.000081264    -0.002144    -0.002155      3191248 
   46.400    -0.000015818    -0.000413    -0.000416      3185190 
   46.500     0.000126555     0.003318     0.003321      3185588 
   46.600     0.000036865     0.000968     0.000973      3171991 
   46.700     0.000142193     0.003766     0.003724      3187192 
   46.800     0.000020527     0.000538     0.000537      3184253 
   46.900     0.000123077     0.003256     0.003263      3174148 
   47.000     0.000109880     0.002890     0.002899      3150582 
   47.100     0.000093704     0.002483     0.002472      3175439 
   47.200     0.000042320     0.001089     0.001099      3143997 
   47.300     0.000120642     0.003173     0.003155      3120838 
   47.400     0.000198735     0.005201     0.005231      3144051 
   47.500     0.000169901     0.004449     0.004431      3153449 
   47.600     0.000034356     0.000897     0.000894      3146989 
   47.700    -0.000058216    -0.001525    -0.001521      3146475 
   47.800     0.000028093     0.000737     0.000738      3149878 
   47.900    -0.000108556    -0.002850    -0.002838      3099024 
   48.000    -0.000134986    -0.003541    -0.003544      3115352 
   48.100    -0.000017670    -0.000458    -0.000460      3131639 
   48.200    -0.000029377    -0.000777    -0.000777      3103779 
   48.300    -0.000034129    -0.000903    -0.000907      3120150 
   48.400     0.000009156     0.000238     0.000238      3107839 
   48.500    -0.000029069    -0.000767    -0.000760      3097205 
   48.600    -0.000034415    -0.000906    -0.000902      3105596 
   48.700    -0.000104972    -0.002753    -0.002735      3091019 
   48.800     0.000049257     0.001288     0.001287      3075423 
   48.900     0.000151299     0.003920     0.003932      3091989 
   49.000     0.000004417     0.000114     0.000115      3107810 
   49.100     0.000099945     0.002616     0.002627      3066495 
   49.200     0.000064464     0.001691     0.001693      3082656 
   49.300     0.000132274     0.003443     0.003445      3075152 
   49.400    -0.000023481    -0.000617    -0.000616      3073625 
   49.500     0.000113339     0.002980     0.002969      3082481 
   49.600     0.000105176     0.002783     0.002743      3107696 
   49.700    -0.000013626    -0.000359    -0.000355      3114522 
   49.800     0.000080915     0.002120     0.002100      3080544 
   49.900     0.000174809     0.004570     0.004573      3071846 
   50.000     0.000008545     0.000222     0.000223      3052661 
   50.100    -0.000033310    -0.000866    -0.000866      3023710 
   50.200     0.000013122     0.000341     0.000343      3019654 
   50.300     0.000018672     0.000493     0.000489      3041037 
   50.400    -0.000064216    -0.001709    -0.001698      2992117 
   50.500     0.000036326     0.000971     0.000964      3040328 
   50.600    -0.000061476    -0.001643    -0.001617      3064454 
   50.700    -0.000070650    -0.001871    -0.001857      3053341 
   50.800    -0.000076130    -0.001999    -0.001983      3038026 
   50.900     0.000049719     0.001320     0.001304      3006770 
   51.000    -0.000012272    -0.000327    -0.000322      3010341 
   51.100    -0.000024159    -0.000636    -0.000632      2982095 
   51.200    -0.000004608    -0.000122    -0.000120      3011200 
   51.300     0.000016612     0.000435     0.000435      3014801 
   51.400     0.000027872     0.000747     0.000740      3003666 
   51.500    -0.000086424    -0.002294    -0.002289      3015450 
   51.600    -0.000019272    -0.000511    -0.000510      3009851 
   51.700    -0.000040057    -0.001068    -0.001060      2990491 
   51.800     0.000011495     0.000307     0.000304      3008377 
   51.900     0.000065754     0.001749     0.001726      2997921 
   52.000    -0.000027479    -0.000734    -0.000729      2981706 
   52.100    -0.000043398    -0.001148    -0.001146      2973024 
   52.200     0.000029595     0.000788     0.000784      2968184 
   52.300     0.000085608     0.002268     0.002259      2964751 
   52.400     0.000009794     0.000262     0.000257      2944774 
   52.500    -0.000171959    -0.004608    -0.004520      2956563 
   52.600     0.000003787     0.000100     0.000099      2955145 
   52.700    -0.000002874    -0.000075    -0.000075      2971757 
   52.800    -0.000048251    -0.001266    -0.001262      2961898 
   52.900    -0.000174413    -0.004582    -0.004552      2938610 
   53.000    -0.000114775    -0.003107    -0.003045      2941131 
   53.100    -0.000005741    -0.000152    -0.000149      2965981 
   53.200    -0.000032983    -0.000871    -0.000864      2963204 
   53.300     0.000025722     0.000677     0.000673      2939717 
   53.400    -0.000187585    -0.004883    -0.004920      2945093 
   53.500    -0.000185694    -0.004928    -0.004899      2939069 
   53.600    -0.000166447    -0.004427    -0.004352      2927774 
   53.700    -0.000131948    -0.003498    -0.003459      2930529 
   53.800    -0.000131731    -0.003462    -0.003463      2915430 
   53.900    -0.000077352    -0.002031    -0.002031      2945770 
   54.000    -0.000164624    -0.004299    -0.004289      2905939 
   54.100    -0.000153626    -0.004011    -0.004011      2908754 
   54.200     0.000060800     0.001611     0.001601      2902678 
   54.300    -0.000044461    -0.001170    -0.001161      2876282 
   54.400    -0.000113728    -0.003023    -0.002985      2899020 
   54.500     0.000003522     0.000093     0.000093      2894967 
   54.600    -0.000048421    -0.001264    -0.001262      2881905 
   54.700     0.000024332     0.000639     0.000636      2904075 
   54.800     0.000013433     0.000351     0.000349      2907125 
   54.900     0.000005230     0.000138     0.000137      2885534 
   55.000    -0.000103009    -0.002686    -0.002678      2883112 
   55.100     0.000027340     0.000722     0.000714      2874613 
   55.200     0.000116994     0.003112     0.003106      2873666 
   55.300     0.000108971     0.002904     0.002898      2902007 
   55.400     0.000138776     0.003659     0.003642      2878126 
   55.500     0.000192104     0.005097     0.005066      2878148 
   55.600     0.000142136     0.003715     0.003689      2882986 
   55.700     0.000103680     0.002735     0.002721      2872330 
   55.800     0.000046007     0.001225     0.001218      2846519 
   55.900     0.000233832     0.006203     0.006141      2847406 
   56.000     0.000232335     0.006189     0.006122      2871154 
   56.100     0.000041720     0.001096     0.001091      2844505 
   56.200     0.000060876     0.001607     0.001596      2839985 
   56.300     0.000098190     0.002612     0.002572      2841908 
   56.400     0.000163048     0.004289     0.004292      2846838 
   56.500     0.000222757     0.005785     0.005788      2872395 
   56.600     0.000137497     0.003631     0.003596      2868374 
   56.700     0.000037024     0.000965     0.000967      2855411 
   56.800     0.000035837     0.000930     0.000929      2851604 
   56.900     0.000026690     0.000702     0.000693      2844270 
   57.000     0.000095146     0.002496     0.002491      2824424 
   57.100     0.000050424     0.001314     0.001311      2808461 
   57.200     0.000141504     0.003715     0.003713      2821336 
   57.300     0.000167891     0.004345     0.004342      2830351 
   57.400     0.000017156     0.000446     0.000442      2800377 
   57.500     0.000108654     0.002837     0.002823      2812544 
   57.600     0.000058033     0.001531     0.001520      2794983 
   57.700     0.000085694     0.002236     0.002228      2806925 
   57.800     0.000090581     0.002342     0.002348      2813379 
   57.900     0.000109776     0.002843     0.002834      2778924 
   58.000     0.000160366     0.004166     0.004135      2804359 
   58.100     0.000114602     0.003037     0.002979      2797784 
   58.200     0.000147170     0.003824     0.003812      2791798 
   58.300     0.000208625     0.005440     0.005432      2776568 
   58.400     0.000164367     0.004311     0.004292      2781797 
   58.500     0.000126399     0.003262     0.003256      2781517 
   58.600     0.000075557     0.001978     0.001966      2780484 
   58.700     0.000125688     0.003237     0.003230      2783762 
   58.800     0.000054364     0.001388     0.001388      2789508 
   58.900     0.000081398     0.002090     0.002095      2748828 
   59.000     0.000039801     0.001041     0.001027      2753620 
   59.100    -0.000058662    -0.001515    -0.001498      2730977 
   59.200     0.000132247     0.003415     0.003389      2733559 
   59.300     0.000021835     0.000563     0.000563      2764060 
   59.400    -0.000009147    -0.000237    -0.000236      2758631 
   59.500    -0.000091012    -0.002362    -0.002354      2765584 
   59.600    -0.000012558    -0.000326    -0.000323      2750900 
   59.700     0.000069084     0.001811     0.001797      2732038 
   59.800     0.000087315     0.002303     0.002277      2750347 
   59.900    -0.000042308    -0.001101    -0.001092      2745239 
   60.000     0.000131945     0.003432     0.003406      2737931 
   60.100     0.000065921     0.001712     0.001698      2720438 
   60.200     0.000000249     0.000006     0.000006      2750329 
   60.300    -0.000018423    -0.000479    -0.000478      2712671 
   60.400    -0.000112618    -0.002921    -0.002907      2717804 
   60.500     0.000041565     0.001065     0.001065      2714292 
   60.600    -0.000029060    -0.000753    -0.000751      2715313 
   60.700    -0.000029749    -0.000776    -0.000773      2743312 
   60.800     0.000039170     0.001006     0.001020      2736480 
   60.900    -0.000025630    -0.000664    -0.000666      2715087 
   61.000     0.000032410     0.000839     0.000837      2702967 
   61.100    -0.000252425    -0.006451    -0.006489      2687272 
   61.200    -0.000077045    -0.001992    -0.001996      2672892 
   61.300    -0.000079361    -0.002056    -0.002048      2681974 
   61.400    -0.000147734    -0.003799    -0.003813      2677626 
   61.500    -0.000127377    -0.003321    -0.003311      2710699 
   61.600    -0.000164650    -0.004266    -0.004252      2676806 
   61.700    -0.000053825    -0.001392    -0.001392      2670878 
   61.800    -0.000151718    -0.003876    -0.003883      2662613 
   61.900    -0.000025295    -0.000665    -0.000655      2663433 
   62.000    -0.000177088    -0.004611    -0.004571      2655496 
   62.100    -0.000169898    -0.004408    -0.004364      2650065 
   62.200    -0.000202769    -0.005321    -0.005289      2676365 
   62.300    -0.000113844    -0.002968    -0.002942      2668017 
   62.400    -0.000115867    -0.003010    -0.002997      2645633 
   62.500    -0.000173856    -0.004508    -0.004498      2624600 
   62.600    -0.000053781    -0.001413    -0.001402      2617456 
   62.700    -0.000054627    -0.001429    -0.001439      2652407 
   62.800    -0.000263655    -0.006870    -0.006854      2625183 
   62.900    -0.000100591    -0.002623    -0.002605      2628951 
   63.000    -0.000218692    -0.005661    -0.005656      2617336 
   63.100    -0.000279268    -0.007350    -0.007281      2623803 
   63.200    -0.000231649    -0.006103    -0.006064      2653911 
   63.300    -0.000132044    -0.003484    -0.003488      2649064 
   63.400     0.000060512     0.001576     0.001591      2604677 
   63.500    -0.000146822    -0.003863    -0.003870      2617849 
   63.600    -0.000012171    -0.000320    -0.000322      2633789 
   63.700    -0.000124353    -0.003308    -0.003280      2639490 
   63.800    -0.000142748    -0.003816    -0.003787      2623868 
   63.900    -0.000173383    -0.004540    -0.004539      2615202 
   64.000    -0.000021677    -0.000569    -0.000567      2576065 
   64.100    -0.000099479    -0.002615    -0.002607      2598370 
   64.200     0.000011718     0.000307     0.000307      2605976 
   64.300    -0.000040637    -0.001066    -0.001059      2593638 
   64.400     0.000087891     0.002267     0.002278      2582453 
   64.500     0.000129649     0.003400     0.003383      2578781 
   64.600     0.000022018     0.000576     0.000573      2585407 
   64.700     0.000017134     0.000455     0.000449      2591098 
   64.800    -0.000058925    -0.001552    -0.001545      2570420 
   64.900    -0.000026858    -0.000704    -0.000700      2556448 
   65.000    -0.000049657    -0.001295    -0.001297      2551882 
   65.100    -0.000042829    -0.001127    -0.001116      2574944 
   65.200     0.000001869     0.000048     0.000048      2559730 
   65.300    -0.000062032    -0.001643    -0.001635      2567371 
   65.400     0.000041384     0.001087     0.001081      2561544 
   65.500    -0.000003384    -0.000088    -0.000089      2570014 
   65.600    -0.000112240    -0.002930    -0.002910      2558356 
   65.700    -0.000156417    -0.004106    -0.004054      2550124 
   65.800    -0.000075026    -0.001969    -0.001941      2559605 
   65.900     0.000085487     0.002264     0.002225      2540616 
   66.000     0.000086696     0.002307     0.002256      2542040 
   66.100    -0.000010132    -0.000267    -0.000265      2531086 
   66.200    -0.000066366    -0.001738    -0.001733      2530944 
   66.300    -0.000127438    -0.003332    -0.003332      2526253 
   66.400    -0.000180702    -0.004708    -0.004732      2534928 
   66.500    -0.000055547    -0.001480    -0.001466      2522740 
   66.600     0.000003574     0.000095     0.000094      2514776 
   66.700    -0.000018609    -0.000490    -0.000489      2560812 
   66.800     0.000026476     0.000679     0.000688      2533328 
   66.900     0.000070144     0.001818     0.001829      2533511 
   67.000     0.000060182     0.001564     0.001556      2526450 
   67.100     0.000032132     0.000834     0.000830      2524782 
   67.200    -0.000188294    -0.004878    -0.004872      2512385 
   67.300    -0.000055279    -0.001457    -0.001453      2525492 
   67.400     0.000007694     0.000198     0.000199      2516638 
   67.500    -0.000021796    -0.000571    -0.000570      2528330 
   67.600     0.000051654     0.001338     0.001334      2494790 
   67.700     0.000029969     0.000778     0.000784      2500327 
   67.800     0.000116166     0.003023     0.003058      2492052 
   67.900     0.000101662     0.002637     0.002638      2508477 
   68.000     0.000099333     0.002585     0.002581      2497558 
   68.100    -0.000000290    -0.000007    -0.000007      2494758 
   68.200    -0.000003286    -0.000085    -0.000085      2499682 
   68.300     0.000109580     0.002836     0.002833      2482039 
   68.400     0.000040832     0.001054     0.001057      2478009 
   68.500     0.000046812     0.001218     0.001223      2481852 
   68.600     0.000077434     0.002009     0.002032      2456821 
   68.700     0.000154864     0.003998     0.004016      2475821 
   68.800     0.000047013     0.001238     0.001228      2490147 
   68.900     0.000056055     0.001444     0.001461      2476692 
   69.000     0.000198364     0.005171     0.005193      2464100 
   69.100     0.000100648     0.002618     0.002648      2477495 
   69.200     0.000019044     0.000490     0.000493      2463545 
   69.300    -0.000093346    -0.002379    -0.002417      2449339 
   69.400    -0.000052466    -0.001357    -0.001364      2456906 
   69.500     0.000130346     0.003372     0.003411      2454391 
   69.600     0.000042345     0.001105     0.001113      2446921 
   69.700     0.000074286     0.001889     0.001928      2450213 
   69.800     0.000125436     0.003247     0.003275      2430786 
   69.900     0.000146683     0.003747     0.003818      2424886 
   70.000     0.000016489     0.000418     0.000426      2407471 
   70.100     0.000153047     0.003937     0.003977      2439985 
   70.200    -0.000075272    -0.001935    -0.001950      2436524 
   70.300    -0.000004355    -0.000112    -0.000113      2425540 
   70.400     0.000054047     0.001397     0.001401      2424164 
   70.500    -0.000069857    -0.001814    -0.001806      2415901 
   70.600    -0.000160704    -0.004171    -0.004186      2401751 
   70.700    -0.000038244    -0.001005    -0.001001      2412861 
   70.800    -0.000004685    -0.000124    -0.000123      2417268 
   70.900     0.000133152     0.003500     0.003503      2421137 
   71.000     0.000072584     0.001913     0.001907      2412158 
   71.100     0.000012545     0.000329     0.000329      2408384 
   71.200     0.000063793     0.001682     0.001687      2381569 
   71.300    -0.000000943    -0.000025    -0.000025      2397594 
   71.400     0.000091867     0.002415     0.002418      2418576 
   71.500     0.000022036     0.000578     0.000573      2405743 
   71.600    -0.000128543    -0.003382    -0.003355      2413092 
   71.700    -0.000048317    -0.001278    -0.001262      2407972 
   71.800    -0.000091146    -0.002392    -0.002386      2380156 
   71.900    -0.000067358    -0.001782    -0.001765      2388340 
   72.000    -0.000002810    -0.000075    -0.000074      2420551 
   72.100     0.000025934     0.000675     0.000678      2390168 
   72.200     0.000080520     0.002126     0.002108      2371599 
   72.300     0.000100145     0.002626     0.002634      2382812 
   72.400     0.000130444     0.003404     0.003398      2382577 
   72.500    -0.000095562    -0.002517    -0.002487      2379711 
   72.600     0.000059307     0.001557     0.001558      2388815 
   72.700     0.000017554     0.000464     0.000462      2372482 
   72.800     0.000006346     0.000166     0.000165      2356455 
   72.900    -0.000008026    -0.000210    -0.000210      2392524 
   73.000    -0.000047138    -0.001227    -0.001224      2370947 
   73.100    -0.000118865    -0.003125    -0.003107      2372554 
   73.200    -0.000034774    -0.000928    -0.000912      2339197 
   73.300     0.000097599     0.002579     0.002556      2350039 
   73.400    -0.000184129    -0.004895    -0.004803      2365683 
   73.500    -0.000154892    -0.004171    -0.004105      2335576 
   73.600    -0.000037467    -0.000997    -0.000986      2345908 
   73.700    -0.000045083    -0.001188    -0.001181      2360470 
   73.800     0.000111378     0.002964     0.002921      2357371 
   73.900     0.000100832     0.002666     0.002662      2330477 
   74.000     0.000146517     0.003889     0.003845      2314743 
   74.100    -0.000027612    -0.000725    -0.000724      2323303 
   74.200     0.000086274     0.002308     0.002296      2341986 
   74.300     0.000094322     0.002476     0.002496      2327260 
   74.400    -0.000046194    -0.001226    -0.001219      2306577 
   74.500     0.000093307     0.002503     0.002487      2315855 
   74.600     0.000047717     0.001247     0.001247      2306198 
   74.700     0.000009308     0.000246     0.000245      2287630 
   74.800     0.000091554     0.002449     0.002410      2272877 
   74.900    -0.000058738    -0.001570    -0.001553      2286360 
   75.000     0.000040333     0.001060     0.001056      2269075 
   75.100     0.000169236     0.004504     0.004477      2276579 
   75.200     0.000176230     0.004682     0.004666      2275582 
   75.300     0.000093455     0.002488     0.002468      2291502 
   75.400     0.000108641     0.002917     0.002877      2271196 
   75.500     0.000135783     0.003621     0.003602      2249276 
   75.600     0.000029663     0.000790     0.000791      2275495 
   75.700    -0.000009764    -0.000258    -0.000258      2285524 
   75.800     0.000128669     0.003434     0.003431      2256292 
   75.900     0.000045009     0.001180     0.001181      2245235 
   76.000     0.000038036     0.001005     0.001009      2231667 
   76.100     0.000171402     0.004554     0.004524      2240698 
   76.200     0.000110733     0.002943     0.002905      2254334 
   76.300    -0.000028343    -0.000753    -0.000749      2255758 
   76.400     0.000120538     0.003186     0.003157      2274526 
   76.500     0.000061290     0.001642     0.001612      2233939 
   76.600    -0.000074489    -0.001974    -0.001977      2223447 
   76.700     0.000062014     0.001662     0.001649      2223193 
   76.800     0.000113869     0.002976     0.002987      2218168 
   76.900     0.000119714     0.003094     0.003110      2229840 
   77.000     0.000078102     0.002044     0.002042      2226514 
   77.100     0.000154559     0.004063     0.003993      2224176 
   77.200     0.000069079     0.001824     0.001809      2241322 
   77.300     0.000216218     0.005731     0.005661      2230874 
   77.400    -0.000004221    -0.000113    -0.000112      2230541 
   77.500    -0.000108931    -0.002858    -0.002842      2216691 
   77.600    -0.000117477    -0.003103    -0.003094      2203681 
   77.700     0.000139484     0.003684     0.003679      2210566 
   77.800     0.000062744     0.001697     0.001662      2217436 
   77.900     0.000092821     0.002442     0.002400      2218751 
   78.000     0.000169730     0.004478     0.004435      2214778 
   78.100     0.000022670     0.000588     0.000587      2223211 
   78.200    -0.000002797    -0.000073    -0.000073      2208185 
   78.300    -0.000003000    -0.000079    -0.000079      2188481 
   78.400    -0.000015877    -0.000419    -0.000419      2187383 
   78.500     0.000115456     0.003030     0.003036      2213469 
   78.600     0.000081523     0.002143     0.002154      2196771 
   78.700     0.000022973     0.000607     0.000607      2227333 
   78.800     0.000087942     0.002292     0.002303      2200554 
   78.900     0.000022212     0.000581     0.000585      2200260 
   79.000     0.000183946     0.004863     0.004835      2174280 
   79.100     0.000098086     0.002609     0.002576      2199850 
   79.200     0.000093867     0.002483     0.002461      2170745 
   79.300     0.000011795     0.000311     0.000308      2177728 
   79.400     0.000190780     0.005033     0.004960      2182842 
   79.500     0.000112224     0.002900     0.002910      2159968 
   79.600     0.000066514     0.001759     0.001736      2148926 
   79.700     0.000095077     0.002512     0.002440      2163146 
   79.800     0.000031905     0.000846     0.000829      2159539 
   79.900     0.000109137     0.002881     0.002849      2152326 
   80.000     0.000088197     0.002324     0.002312      2190133 
   80.100     0.000038422     0.001002     0.001002      2162448 
   80.200    -0.000090778    -0.002397    -0.002384      2167134 
   80.300     0.000041844     0.001101     0.001090      2167753 
   80.400     0.000287002     0.007487     0.007455      2165576 
   80.500     0.000236470     0.006262     0.006227      2163725 
   80.600     0.000086655     0.002251     0.002264      2148171 
   80.700     0.000092894     0.002436     0.002407      2132306 
   80.800     0.000128072     0.003338     0.003330      2154111 
   80.900     0.000129459     0.003407     0.003395      2157758 
   81.000     0.000235149     0.006194     0.006113      2143588 
   81.100     0.000158137     0.004139     0.004121      2128422 
   81.200     0.000199891     0.005304     0.005186      2109964 
   81.300     0.000194971     0.005100     0.005096      2120564 
   81.400     0.000207202     0.005410     0.005372      2113468 
   81.500     0.000107267     0.002873     0.002848      2115899 
   81.600     0.000212783     0.005529     0.005486      2100800 
   81.700     0.000226852     0.005983     0.005935      2088367 
   81.800     0.000074334     0.001911     0.001909      2085365 
   81.900     0.000177845     0.004643     0.004604      2096749 
   82.000     0.000233677     0.006157     0.006123      2088498 
   82.100     0.000169849     0.004466     0.004476      2072837 
   82.200     0.000295354     0.007804     0.007744      2062149 
   82.300     0.000109750     0.002894     0.002895      2067327 
   82.400     0.000072774     0.001913     0.001903      2083222 
   82.500     0.000172646     0.004529     0.004482      2077965 
   82.600    -0.000031720    -0.000845    -0.000837      2078071 
   82.700     0.000147356     0.003930     0.003857      2072767 
   82.800     0.000198031     0.005220     0.005189      2057702 
   82.900     0.000020707     0.000537     0.000534      2054776 
   83.000    -0.000060633    -0.001608    -0.001589      2054745 
   83.100    -0.000036864    -0.000970    -0.000959      2052838 
   83.200    -0.000033961    -0.000909    -0.000894      2062314 
   83.300    -0.000036282    -0.000959    -0.000947      2023968 
   83.400    -0.000052380    -0.001384    -0.001368      2046328 
   83.500     0.000023193     0.000610     0.000611      2028895 
   83.600    -0.000182833    -0.004830    -0.004808      2041436 
   83.700    -0.000008511    -0.000227    -0.000225      2055311 
   83.800    -0.000033084    -0.000868    -0.000864      2031316 
   83.900     0.000008505     0.000225     0.000223      2033071 
   84.000     0.000008705     0.000231     0.000229      2027904 
   84.100     0.000009640     0.000257     0.000255      2022752 
   84.200    -0.000099810    -0.002620    -0.002613      2032002 
   84.300    -0.000226854    -0.005951    -0.005895      2032321 
   84.400    -0.000105448    -0.002788    -0.002766      2018683 
   84.500    -0.000117574    -0.003132    -0.003083      2016416 
   84.600    -0.000111887    -0.002948    -0.002931      2009191 
   84.700    -0.000196320    -0.005220    -0.005116      2013315 
   84.800     0.000008130     0.000217     0.000213      2028929 
   84.900     0.000091919     0.002414     0.002415      2021867 
   85.000     0.000153854     0.004037     0.004013      2006546 
   85.100     0.000116886     0.003111     0.003076      2023585 
   85.200    -0.000069064    -0.001843    -0.001819      2025353 
   85.300    -0.000008008    -0.000210    -0.000208      2012744 
   85.400     0.000003938     0.000104     0.000103      2014085 
   85.500     0.000006548     0.000172     0.000170      2012309 
   85.600    -0.000174940    -0.004621    -0.004530      2022030 
   85.700     0.000015323     0.000404     0.000397      2002144 
   85.800     0.000000411     0.000011     0.000011      2002380 
   85.900    -0.000083136    -0.002166    -0.002153      2002630 
   86.000    -0.000144720    -0.003751    -0.003697      2006279 
   86.100    -0.000120715    -0.003187    -0.003129      2004868 
   86.200    -0.000129937    -0.003426    -0.003389      2002430 
   86.300    -0.000117115    -0.003049    -0.003040      1991876 
   86.400     0.000206464     0.005478     0.005404      2002403 
   86.500     0.000077740     0.002076     0.002044      2005526 
   86.600    -0.000062204    -0.001642    -0.001621      1980040 
   86.700     0.000110959     0.002862     0.002856      1994516 
   86.800     0.000023164     0.000615     0.000614      1993520 
   86.900     0.000022456     0.000584     0.000589      1988523 
   87.000     0.000024847     0.000658     0.000653      1960480 
   87.100     0.000087381     0.002308     0.002299      1972729 
   87.200    -0.000023536    -0.000626    -0.000617      1968160 
   87.300    -0.000040554    -0.001091    -0.001074      1965966 
   87.400     0.000080245     0.002132     0.002105      1954424 
   87.500     0.000162606     0.004324     0.004260      1952821 
   87.600     0.000071200     0.001905     0.001888      1966900 
   87.700     0.000187443     0.005018     0.004953      1950294 
   87.800     0.000075358     0.001997     0.001977      1956901 
   87.900     0.000009511     0.000253     0.000250      1953350 
   88.000     0.000142094     0.003752     0.003744      1930744 
   88.100    -0.000020400    -0.000545    -0.000538      1939116 
   88.200     0.000095463     0.002519     0.002497      1932726 
   88.300     0.000017658     0.000478     0.000471      1927765 
   88.400    -0.000063915    -0.001698    -0.001667      1919108 
   88.500     0.000032411     0.000859     0.000852      1922460 
   88.600     0.000066620     0.001766     0.001747      1930697 
   88.700     0.000019907     0.000529     0.000527      1918941 
   88.800    -0.000064365    -0.001718    -0.001712      1925612 
   88.900    -0.000127240    -0.003396    -0.003370      1919205 
   89.000    -0.000129019    -0.003402    -0.003390      1914759 
   89.100    -0.000243303    -0.006497    -0.006391      1889396 
   89.200    -0.000169565    -0.004525    -0.004502      1909027 
   89.300    -0.000078665    -0.002079    -0.002054      1898274 
   89.400    -0.000100589    -0.002644    -0.002634      1912557 
   89.500     0.000010723     0.000284     0.000281      1899672 
   89.600     0.000097748     0.002600     0.002578      1901026 
   89.700    -0.000043436    -0.001161    -0.001148      1905212 
   89.800    -0.000219199    -0.005880    -0.005825      1893873 
   89.900     0.000028463     0.000758     0.000756      1906754 
   90.000    -0.000159440    -0.004284    -0.004177      1890962 
   90.100    -0.000248820    -0.006649    -0.006510      1888926 
   90.200    -0.000194302    -0.005117    -0.005062      1875923 
   90.300    -0.000115040    -0.003046    -0.003014      1869426 
   90.400    -0.000183611    -0.004844    -0.004805      1862690 
   90.500    -0.000127924    -0.003423    -0.003357      1861704 
   90.600    -0.000052673    -0.001410    -0.001391      1859025 
   90.700     0.000023373     0.000621     0.000619      1865229 
   90.800    -0.000033287    -0.000892    -0.000888      1860979 
   90.900     0.000022076     0.000594     0.000585      1867282 
   91.000    -0.000001249    -0.000034    -0.000033      1863791 
   91.100     0.000009134     0.000248     0.000245      1863855 
   91.200     0.000216596     0.005822     0.005797      1845830 
   91.300    -0.000037402    -0.001002    -0.000989      1839010 
   91.400     0.000006270     0.000167     0.000164      1824897 
   91.500    -0.000146903    -0.003913    -0.003901      1846486 
   91.600    -0.000058084    -0.001550    -0.001553      1829107 
   91.700    -0.000051637    -0.001386    -0.001371      1822825 
   91.800     0.000043488     0.001161     0.001152      1851048 
   91.900     0.000017643     0.000471     0.000470      1845460 
   92.000     0.000081387     0.002167     0.002152      1821748 
   92.100    -0.000002482    -0.000065    -0.000065      1843594 
   92.200     0.000113571     0.003036     0.002982      1820600 
   92.300     0.000039134     0.001030     0.001033      1806818 
   92.400    -0.000041757    -0.001123    -0.001106      1809196 
   92.500     0.000050751     0.001352     0.001338      1806115 
   92.600     0.000041136     0.001101     0.001090      1797133 
   92.700     0.000017466     0.000465     0.000464      1787650 
   92.800     0.000032399     0.000862     0.000852      1788548 
   92.900    -0.000007443    -0.000198    -0.000196      1816286 
   93.000     0.000004386     0.000116     0.000115      1804236 
   93.100     0.000123485     0.003260     0.003236      1781359 
   93.200    -0.000005103    -0.000134    -0.000134      1805632 
   93.300     0.000065892     0.001723     0.001709      1797141 
   93.400    -0.000170610    -0.004511    -0.004439      1784135 
   93.500     0.000104329     0.002738     0.002712      1797246 
   93.600    -0.000017312    -0.000454    -0.000449      1783688 
   93.700     0.000020857     0.000557     0.000548      1772119 
   93.800    -0.000001587    -0.000042    -0.000042      1748257 
   93.900     0.000205156     0.005396     0.005364      1772892 
   94.000     0.000239323     0.006275     0.006260      1759651 
   94.100     0.000151199     0.003932     0.003926      1756094 
   94.200     0.000171853     0.004492     0.004489      1754529 
   94.300     0.000048358     0.001287     0.001279      1768692 
   94.400     0.000088683     0.002326     0.002339      1746555 
   94.500     0.000084579     0.002243     0.002234      1751260 
   94.600     0.000128968     0.003407     0.003390      1752960 
   94.700     0.000177683     0.004598     0.004563      1737325 
   94.800     0.000129916     0.003358     0.003346      1738132 
   94.900     0.000038670     0.001009     0.001013      1731844 
   95.000    -0.000104734    -0.002756    -0.002734      1751715 
   95.100    -0.000091565    -0.002443    -0.002414      1744980 
   95.200     0.000067943     0.001783     0.001758      1752920 
   95.300    -0.000050362    -0.001303    -0.001290      1725088 
   95.400     0.000022799     0.000604     0.000593      1749170 
   95.500     0.000039533     0.001041     0.001032      1736584 
   95.600     0.000041211     0.001093     0.001087      1730148 
   95.700     0.000024619     0.000649     0.000645      1740988 
   95.800    -0.000084101    -0.002227    -0.002225      1717347 
   95.900     0.000061918     0.001645     0.001640      1737409 
   96.000     0.000055937     0.001479     0.001483      1737024 
   96.100    -0.000116384    -0.003069    -0.003039      1749536 
   96.200    -0.000114046    -0.003002    -0.002995      1735980 
   96.300     0.000118811     0.003134     0.003119      1736955 
   96.400    -0.000105137    -0.002784    -0.002734      1709954 
   96.500    -0.000049695    -0.001333    -0.001311      1740606 
   96.600     0.000075687     0.002021     0.002014      1727305 
   96.700    -0.000030314    -0.000818    -0.000804      1706339 
   96.800    -0.000086357    -0.002314    -0.002258      1696271 
   96.900    -0.000121684    -0.003190    -0.003195      1703002 
   97.000     0.000006297     0.000169     0.000167      1697394 
   97.100    -0.000038303    -0.001013    -0.001011      1704228 
   97.200    -0.000095001    -0.002526    -0.002484      1703067 
   97.300    -0.000194978    -0.005192    -0.005098      1701872 
   97.400    -0.000136978    -0.003587    -0.003577      1695700 
   97.500    -0.000271289    -0.007185    -0.007092      1687180 
   97.600    -0.000273680    -0.007238    -0.007220      1682579 
   97.700    -0.000137189    -0.003645    -0.003641      1683451 
   97.800    -0.000239401    -0.006435    -0.006348      1692557 
   97.900    -0.000019008    -0.000500    -0.000499      1678915 
   98.000    -0.000141747    -0.003798    -0.003761      1682516 
   98.100    -0.000048326    -0.001278    -0.001278      1678654 
   98.200    -0.000051579    -0.001358    -0.001370      1675147 
   98.300     0.000034082     0.000895     0.000897      1689938 
   98.400    -0.000022330    -0.000580    -0.000586      1697035 
   98.500    -0.000032890    -0.000868    -0.000873      1684456 
   98.600    -0.000133514    -0.003520    -0.003503      1643848 
   98.700    -0.000134524    -0.003558    -0.003584      1657772 
   98.800    -0.000100845    -0.002667    -0.002677      1656118 
   98.900    -0.000059341    -0.001567    -0.001572      1634239 
   99.000    -0.000096374    -0.002585    -0.002586      1637051 
   99.100    -0.000171465    -0.004514    -0.004546      1647767 
   99.200    -0.000187006    -0.004929    -0.004934      1643369 
   99.300    -0.000162401    -0.004283    -0.004287      1628071 
   99.400    -0.000040124    -0.001056    -0.001046      1638423 
   99.500    -0.000252345    -0.006699    -0.006648      1644736 
   99.600    -0.000152747    -0.004122    -0.004019      1632809 
   99.700    -0.000145684    -0.003859    -0.003828      1631228 
   99.800    -0.000212942    -0.005681    -0.005644      1635786 
   99.900    -0.000258776    -0.006994    -0.006838      1620164 
  100.000    -0.000059662    -0.001607    -0.001574      1608616 
